{"C:\\Users\\usr\\Documents\\projects\\saferide\\backend\\japaFile.ts":{"path":"C:\\Users\\usr\\Documents\\projects\\saferide\\backend\\japaFile.ts","statementMap":{"0":{"start":{"line":2,"column":22},"end":{"line":8,"column":3}},"1":{"start":{"line":3,"column":4},"end":{"line":3,"column":33}},"2":{"start":{"line":3,"column":26},"end":{"line":3,"column":33}},"3":{"start":{"line":4,"column":4},"end":{"line":4,"column":89}},"4":{"start":{"line":4,"column":71},"end":{"line":4,"column":83}},"5":{"start":{"line":6,"column":4},"end":{"line":6,"column":33}},"6":{"start":{"line":6,"column":26},"end":{"line":6,"column":33}},"7":{"start":{"line":7,"column":4},"end":{"line":7,"column":17}},"8":{"start":{"line":9,"column":25},"end":{"line":13,"column":2}},"9":{"start":{"line":10,"column":4},"end":{"line":10,"column":72}},"10":{"start":{"line":12,"column":4},"end":{"line":12,"column":21}},"11":{"start":{"line":14,"column":19},"end":{"line":20,"column":1}},"12":{"start":{"line":15,"column":4},"end":{"line":15,"column":42}},"13":{"start":{"line":15,"column":31},"end":{"line":15,"column":42}},"14":{"start":{"line":16,"column":17},"end":{"line":16,"column":19}},"15":{"start":{"line":17,"column":4},"end":{"line":17,"column":141}},"16":{"start":{"line":17,"column":21},"end":{"line":17,"column":141}},"17":{"start":{"line":17,"column":40},"end":{"line":17,"column":141}},"18":{"start":{"line":17,"column":109},"end":{"line":17,"column":141}},"19":{"start":{"line":18,"column":4},"end":{"line":18,"column":36}},"20":{"start":{"line":19,"column":4},"end":{"line":19,"column":18}},"21":{"start":{"line":21,"column":22},"end":{"line":23,"column":1}},"22":{"start":{"line":22,"column":4},"end":{"line":22,"column":62}},"23":{"start":{"line":24,"column":0},"end":{"line":24,"column":62}},"24":{"start":{"line":25,"column":0},"end":{"line":25,"column":28}},"25":{"start":{"line":26,"column":15},"end":{"line":26,"column":30}},"26":{"start":{"line":27,"column":19},"end":{"line":27,"column":55}},"27":{"start":{"line":28,"column":15},"end":{"line":28,"column":30}},"28":{"start":{"line":29,"column":29},"end":{"line":29,"column":75}},"29":{"start":{"line":30,"column":0},"end":{"line":30,"column":33}},"30":{"start":{"line":31,"column":0},"end":{"line":31,"column":52}},"31":{"start":{"line":32,"column":0},"end":{"line":32,"column":74}},"32":{"start":{"line":34,"column":24},"end":{"line":34,"column":117}},"33":{"start":{"line":34,"column":59},"end":{"line":34,"column":116}},"34":{"start":{"line":35,"column":4},"end":{"line":35,"column":58}},"35":{"start":{"line":36,"column":4},"end":{"line":36,"column":54}},"36":{"start":{"line":39,"column":22},"end":{"line":39,"column":46}},"37":{"start":{"line":40,"column":4},"end":{"line":42,"column":5}},"38":{"start":{"line":41,"column":8},"end":{"line":41,"column":36}},"39":{"start":{"line":43,"column":4},"end":{"line":43,"column":58}},"40":{"start":{"line":45,"column":0},"end":{"line":49,"column":3}}},"fnMap":{"0":{"name":"(anonymous_0)","decl":{"start":{"line":2,"column":74},"end":{"line":2,"column":75}},"loc":{"start":{"line":2,"column":96},"end":{"line":5,"column":1}},"line":2},"1":{"name":"(anonymous_1)","decl":{"start":{"line":4,"column":58},"end":{"line":4,"column":59}},"loc":{"start":{"line":4,"column":69},"end":{"line":4,"column":85}},"line":4},"2":{"name":"(anonymous_2)","decl":{"start":{"line":5,"column":6},"end":{"line":5,"column":7}},"loc":{"start":{"line":5,"column":28},"end":{"line":8,"column":1}},"line":5},"3":{"name":"(anonymous_3)","decl":{"start":{"line":9,"column":80},"end":{"line":9,"column":81}},"loc":{"start":{"line":9,"column":95},"end":{"line":11,"column":1}},"line":9},"4":{"name":"(anonymous_4)","decl":{"start":{"line":11,"column":5},"end":{"line":11,"column":6}},"loc":{"start":{"line":11,"column":20},"end":{"line":13,"column":1}},"line":11},"5":{"name":"(anonymous_5)","decl":{"start":{"line":14,"column":50},"end":{"line":14,"column":51}},"loc":{"start":{"line":14,"column":65},"end":{"line":20,"column":1}},"line":14},"6":{"name":"(anonymous_6)","decl":{"start":{"line":21,"column":56},"end":{"line":21,"column":57}},"loc":{"start":{"line":21,"column":71},"end":{"line":23,"column":1}},"line":21},"7":{"name":"startHttpServer","decl":{"start":{"line":33,"column":15},"end":{"line":33,"column":30}},"loc":{"start":{"line":33,"column":33},"end":{"line":37,"column":1}},"line":33},"8":{"name":"(anonymous_8)","decl":{"start":{"line":34,"column":53},"end":{"line":34,"column":54}},"loc":{"start":{"line":34,"column":59},"end":{"line":34,"column":116}},"line":34},"9":{"name":"getTestFiles","decl":{"start":{"line":38,"column":9},"end":{"line":38,"column":21}},"loc":{"start":{"line":38,"column":24},"end":{"line":44,"column":1}},"line":38}},"branchMap":{"0":{"loc":{"start":{"line":2,"column":22},"end":{"line":8,"column":3}},"type":"binary-expr","locations":[{"start":{"line":2,"column":23},"end":{"line":2,"column":27}},{"start":{"line":2,"column":31},"end":{"line":2,"column":51}},{"start":{"line":2,"column":57},"end":{"line":8,"column":2}}],"line":2},"1":{"loc":{"start":{"line":2,"column":57},"end":{"line":8,"column":2}},"type":"cond-expr","locations":[{"start":{"line":2,"column":74},"end":{"line":5,"column":1}},{"start":{"line":5,"column":6},"end":{"line":8,"column":1}}],"line":2},"2":{"loc":{"start":{"line":3,"column":4},"end":{"line":3,"column":33}},"type":"if","locations":[{"start":{"line":3,"column":4},"end":{"line":3,"column":33}},{"start":{"line":3,"column":4},"end":{"line":3,"column":33}}],"line":3},"3":{"loc":{"start":{"line":6,"column":4},"end":{"line":6,"column":33}},"type":"if","locations":[{"start":{"line":6,"column":4},"end":{"line":6,"column":33}},{"start":{"line":6,"column":4},"end":{"line":6,"column":33}}],"line":6},"4":{"loc":{"start":{"line":9,"column":25},"end":{"line":13,"column":2}},"type":"binary-expr","locations":[{"start":{"line":9,"column":26},"end":{"line":9,"column":30}},{"start":{"line":9,"column":34},"end":{"line":9,"column":57}},{"start":{"line":9,"column":63},"end":{"line":13,"column":1}}],"line":9},"5":{"loc":{"start":{"line":9,"column":63},"end":{"line":13,"column":1}},"type":"cond-expr","locations":[{"start":{"line":9,"column":80},"end":{"line":11,"column":1}},{"start":{"line":11,"column":5},"end":{"line":13,"column":1}}],"line":9},"6":{"loc":{"start":{"line":14,"column":19},"end":{"line":20,"column":1}},"type":"binary-expr","locations":[{"start":{"line":14,"column":20},"end":{"line":14,"column":24}},{"start":{"line":14,"column":28},"end":{"line":14,"column":45}},{"start":{"line":14,"column":50},"end":{"line":20,"column":1}}],"line":14},"7":{"loc":{"start":{"line":15,"column":4},"end":{"line":15,"column":42}},"type":"if","locations":[{"start":{"line":15,"column":4},"end":{"line":15,"column":42}},{"start":{"line":15,"column":4},"end":{"line":15,"column":42}}],"line":15},"8":{"loc":{"start":{"line":15,"column":8},"end":{"line":15,"column":29}},"type":"binary-expr","locations":[{"start":{"line":15,"column":8},"end":{"line":15,"column":11}},{"start":{"line":15,"column":15},"end":{"line":15,"column":29}}],"line":15},"9":{"loc":{"start":{"line":17,"column":4},"end":{"line":17,"column":141}},"type":"if","locations":[{"start":{"line":17,"column":4},"end":{"line":17,"column":141}},{"start":{"line":17,"column":4},"end":{"line":17,"column":141}}],"line":17},"10":{"loc":{"start":{"line":17,"column":40},"end":{"line":17,"column":141}},"type":"if","locations":[{"start":{"line":17,"column":40},"end":{"line":17,"column":141}},{"start":{"line":17,"column":40},"end":{"line":17,"column":141}}],"line":17},"11":{"loc":{"start":{"line":17,"column":44},"end":{"line":17,"column":107}},"type":"binary-expr","locations":[{"start":{"line":17,"column":44},"end":{"line":17,"column":59}},{"start":{"line":17,"column":63},"end":{"line":17,"column":107}}],"line":17},"12":{"loc":{"start":{"line":21,"column":22},"end":{"line":23,"column":1}},"type":"binary-expr","locations":[{"start":{"line":21,"column":23},"end":{"line":21,"column":27}},{"start":{"line":21,"column":31},"end":{"line":21,"column":51}},{"start":{"line":21,"column":56},"end":{"line":23,"column":1}}],"line":21},"13":{"loc":{"start":{"line":22,"column":11},"end":{"line":22,"column":61}},"type":"cond-expr","locations":[{"start":{"line":22,"column":37},"end":{"line":22,"column":40}},{"start":{"line":22,"column":43},"end":{"line":22,"column":61}}],"line":22},"14":{"loc":{"start":{"line":22,"column":12},"end":{"line":22,"column":33}},"type":"binary-expr","locations":[{"start":{"line":22,"column":12},"end":{"line":22,"column":15}},{"start":{"line":22,"column":19},"end":{"line":22,"column":33}}],"line":22},"15":{"loc":{"start":{"line":40,"column":4},"end":{"line":42,"column":5}},"type":"if","locations":[{"start":{"line":40,"column":4},"end":{"line":42,"column":5}},{"start":{"line":40,"column":4},"end":{"line":42,"column":5}}],"line":40}},"s":{"0":1,"1":0,"2":0,"3":0,"4":0,"5":0,"6":0,"7":0,"8":1,"9":0,"10":0,"11":1,"12":1,"13":1,"14":0,"15":0,"16":0,"17":0,"18":0,"19":0,"20":0,"21":1,"22":2,"23":1,"24":1,"25":1,"26":1,"27":1,"28":1,"29":1,"30":1,"31":1,"32":1,"33":1,"34":1,"35":1,"36":1,"37":1,"38":1,"39":0,"40":1},"f":{"0":0,"1":0,"2":0,"3":0,"4":0,"5":1,"6":2,"7":1,"8":1,"9":1},"b":{"0":[1,1,1],"1":[1,0],"2":[0,0],"3":[0,0],"4":[1,1,1],"5":[1,0],"6":[1,1,1],"7":[1,0],"8":[1,1],"9":[0,0],"10":[0,0],"11":[0,0],"12":[1,1,1],"13":[0,2],"14":[2,2],"15":[1,0]},"inputSourceMap":{"version":3,"file":"japaFile.js","sourceRoot":"","sources":["japaFile.ts"],"names":[],"mappings":";;;;;;;;;;;;;;;;;;;;;;;;AAAA,4BAAyB;AACzB,+BAA2B;AAC3B,wDAA8B;AAC9B,+BAAgC;AAChC,4EAAiD;AAEjD,OAAO,CAAC,GAAG,CAAC,QAAQ,GAAG,SAAS,CAAA;AAChC,OAAO,CAAC,GAAG,CAAC,cAAc,GAAG,WAAI,CAAC,SAAS,CAAC,CAAA;AAC5C,4BAAgB,CAAC,OAAO,CAAC,EAAE,wBAAwB,EAAE,KAAK,EAAE,CAAC,CAAA;AAE7D,KAAK,UAAU,eAAe;IAC1B,MAAM,EAAE,OAAO,EAAE,GAAG,wDAAa,kCAAkC,GAAC,CAAA;IACpE,OAAO,CAAC,GAAG,CAAC,IAAI,GAAG,MAAM,CAAC,MAAM,kBAAO,EAAE,CAAC,CAAA;IAC1C,MAAM,IAAI,OAAO,CAAC,SAAS,CAAC,CAAC,UAAU,EAAE,CAAC,KAAK,EAAE,CAAA;AACrD,CAAC;AAED,SAAS,YAAY;IACjB,IAAI,WAAW,GAAG,OAAO,CAAC,IAAI,CAAC,KAAK,CAAC,CAAC,CAAC,CAAC,CAAC,CAAC,CAAA;IAC1C,IAAI,CAAC,WAAW,EAAE;QACd,OAAO,oBAAoB,CAAA;KAC9B;IACD,OAAO,GAAG,WAAW,CAAC,OAAO,CAAC,aAAa,EAAE,EAAE,CAAC,KAAK,CAAA;AACzD,CAAC;AAED,gBAAS,CAAC;IACN,KAAK,EAAE,YAAY,EAAE;IACrB,MAAM,EAAE,CAAC,eAAe,CAAC;IACzB,OAAO,EAAE,IAAI;CAChB,CAAC,CAAA","sourcesContent":["import 'reflect-metadata'\r\nimport { join } from 'path'\r\nimport getPort from 'get-port'\r\nimport { configure } from 'japa'\r\nimport sourceMapSupport from 'source-map-support'\r\n\r\nprocess.env.NODE_ENV = 'testing'\r\nprocess.env.ADONIS_ACE_CWD = join(__dirname)\r\nsourceMapSupport.install({ handleUncaughtExceptions: false })\r\n\r\nasync function startHttpServer() {\r\n    const { Ignitor } = await import('@adonisjs/core/build/src/Ignitor')\r\n    process.env.PORT = String(await getPort())\r\n    await new Ignitor(__dirname).httpServer().start()\r\n}\r\n\r\nfunction getTestFiles() {\r\n    let userDefined = process.argv.slice(2)[0]\r\n    if (!userDefined) {\r\n        return 'tests/**/*.spec.ts'\r\n    }\r\n    return `${userDefined.replace(/\\.ts$|\\.js$/, '')}.ts`\r\n}\r\n\r\nconfigure({\r\n    files: getTestFiles(),\r\n    before: [startHttpServer],\r\n    timeout: 5000\r\n})"]},"_coverageSchema":"1a1c01bbd47fc00a2c39e90264f33305004495a9","hash":"8ff1c161056742702a3a3c8a9cac85dd09ad169b","contentHash":"3411855806312bb073bda6dc1b3d4057ca4e362af7965839a111638241dabe2b"},"C:\\Users\\usr\\Documents\\projects\\saferide\\backend\\env.ts":{"path":"C:\\Users\\usr\\Documents\\projects\\saferide\\backend\\env.ts","statementMap":{"0":{"start":{"line":2,"column":22},"end":{"line":4,"column":1}},"1":{"start":{"line":3,"column":4},"end":{"line":3,"column":62}},"2":{"start":{"line":5,"column":0},"end":{"line":5,"column":62}},"3":{"start":{"line":6,"column":14},"end":{"line":6,"column":79}},"4":{"start":{"line":7,"column":0},"end":{"line":19,"column":3}}},"fnMap":{"0":{"name":"(anonymous_0)","decl":{"start":{"line":2,"column":56},"end":{"line":2,"column":57}},"loc":{"start":{"line":2,"column":71},"end":{"line":4,"column":1}},"line":2}},"branchMap":{"0":{"loc":{"start":{"line":2,"column":22},"end":{"line":4,"column":1}},"type":"binary-expr","locations":[{"start":{"line":2,"column":23},"end":{"line":2,"column":27}},{"start":{"line":2,"column":31},"end":{"line":2,"column":51}},{"start":{"line":2,"column":56},"end":{"line":4,"column":1}}],"line":2},"1":{"loc":{"start":{"line":3,"column":11},"end":{"line":3,"column":61}},"type":"cond-expr","locations":[{"start":{"line":3,"column":37},"end":{"line":3,"column":40}},{"start":{"line":3,"column":43},"end":{"line":3,"column":61}}],"line":3},"2":{"loc":{"start":{"line":3,"column":12},"end":{"line":3,"column":33}},"type":"binary-expr","locations":[{"start":{"line":3,"column":12},"end":{"line":3,"column":15}},{"start":{"line":3,"column":19},"end":{"line":3,"column":33}}],"line":3}},"s":{"0":1,"1":1,"2":1,"3":1,"4":1},"f":{"0":1},"b":{"0":[1,1,1],"1":[0,1],"2":[1,1]},"inputSourceMap":{"version":3,"file":"env.js","sourceRoot":"","sources":["env.ts"],"names":[],"mappings":";;;;;AAcA,gFAAsC;AAEtC,kBAAe,aAAG,CAAC,KAAK,CAAC;IACxB,IAAI,EAAE,aAAG,CAAC,MAAM,CAAC,MAAM,CAAC,EAAE,MAAM,EAAE,MAAM,EAAE,CAAC;IAC3C,IAAI,EAAE,aAAG,CAAC,MAAM,CAAC,MAAM,EAAE;IACzB,OAAO,EAAE,aAAG,CAAC,MAAM,CAAC,MAAM,EAAE;IAC5B,QAAQ,EAAE,aAAG,CAAC,MAAM,CAAC,MAAM,EAAE;IAC7B,QAAQ,EAAE,aAAG,CAAC,MAAM,CAAC,IAAI,CAAC,CAAC,aAAa,EAAE,YAAY,EAAE,SAAS,CAAU,CAAC;IAE5E,OAAO,EAAE,aAAG,CAAC,MAAM,CAAC,MAAM,CAAC,EAAE,MAAM,EAAE,MAAM,EAAE,CAAC;IAC9C,OAAO,EAAE,aAAG,CAAC,MAAM,CAAC,MAAM,EAAE;IAC5B,OAAO,EAAE,aAAG,CAAC,MAAM,CAAC,MAAM,EAAE;IAC5B,WAAW,EAAE,aAAG,CAAC,MAAM,CAAC,MAAM,CAAC,QAAQ,EAAE;IACzC,UAAU,EAAE,aAAG,CAAC,MAAM,CAAC,MAAM,EAAE;IAE/B,WAAW,EAAE,aAAG,CAAC,MAAM,CAAC,OAAO,EAAE;CACjC,CAAC,CAAA","sourcesContent":["/*\r\n|--------------------------------------------------------------------------\r\n| Validating Environment Variables\r\n|--------------------------------------------------------------------------\r\n|\r\n| In this file we define the rules for validating environment variables.\r\n| By performing validation we ensure that your application is running in\r\n| a stable environment with correct configuration values.\r\n|\r\n| This file is read automatically by the framework during the boot lifecycle\r\n| and hence do not rename or move this file to a different location.\r\n|\r\n*/\r\n\r\nimport Env from '@ioc:Adonis/Core/Env'\r\n\r\nexport default Env.rules({\r\n\tHOST: Env.schema.string({ format: 'host' }),\r\n\tPORT: Env.schema.number(),\r\n\tAPP_KEY: Env.schema.string(),\r\n\tAPP_NAME: Env.schema.string(),\r\n\tNODE_ENV: Env.schema.enum(['development', 'production', 'testing'] as const),\r\n\r\n\tPG_HOST: Env.schema.string({ format: 'host' }),\r\n\tPG_PORT: Env.schema.number(),\r\n\tPG_USER: Env.schema.string(),\r\n\tPG_PASSWORD: Env.schema.string.optional(),\r\n\tPG_DB_NAME: Env.schema.string(),\r\n\r\n\tCACHE_VIEWS: Env.schema.boolean()\r\n})\r\n"]},"_coverageSchema":"1a1c01bbd47fc00a2c39e90264f33305004495a9","hash":"edca5a0125ece7863e9eac0aaa6d1d98881816d4","contentHash":"11f764414f983be1a046335f4b2d2a072ddd929eb69265aac234473891a40e8e"},"C:\\Users\\usr\\Documents\\projects\\saferide\\backend\\config\\app.ts":{"path":"C:\\Users\\usr\\Documents\\projects\\saferide\\backend\\config\\app.ts","statementMap":{"0":{"start":{"line":2,"column":22},"end":{"line":4,"column":1}},"1":{"start":{"line":3,"column":4},"end":{"line":3,"column":62}},"2":{"start":{"line":5,"column":0},"end":{"line":5,"column":62}},"3":{"start":{"line":6,"column":0},"end":{"line":6,"column":95}},"4":{"start":{"line":7,"column":21},"end":{"line":7,"column":59}},"5":{"start":{"line":8,"column":14},"end":{"line":8,"column":79}},"6":{"start":{"line":9,"column":0},"end":{"line":9,"column":46}},"7":{"start":{"line":10,"column":0},"end":{"line":26,"column":2}},"8":{"start":{"line":27,"column":0},"end":{"line":32,"column":2}},"9":{"start":{"line":33,"column":0},"end":{"line":37,"column":2}},"10":{"start":{"line":38,"column":0},"end":{"line":38,"column":23}}},"fnMap":{"0":{"name":"(anonymous_0)","decl":{"start":{"line":2,"column":56},"end":{"line":2,"column":57}},"loc":{"start":{"line":2,"column":71},"end":{"line":4,"column":1}},"line":2}},"branchMap":{"0":{"loc":{"start":{"line":2,"column":22},"end":{"line":4,"column":1}},"type":"binary-expr","locations":[{"start":{"line":2,"column":23},"end":{"line":2,"column":27}},{"start":{"line":2,"column":31},"end":{"line":2,"column":51}},{"start":{"line":2,"column":56},"end":{"line":4,"column":1}}],"line":2},"1":{"loc":{"start":{"line":3,"column":11},"end":{"line":3,"column":61}},"type":"cond-expr","locations":[{"start":{"line":3,"column":37},"end":{"line":3,"column":40}},{"start":{"line":3,"column":43},"end":{"line":3,"column":61}}],"line":3},"2":{"loc":{"start":{"line":3,"column":12},"end":{"line":3,"column":33}},"type":"binary-expr","locations":[{"start":{"line":3,"column":12},"end":{"line":3,"column":15}},{"start":{"line":3,"column":19},"end":{"line":3,"column":33}}],"line":3}},"s":{"0":1,"1":2,"2":1,"3":1,"4":1,"5":1,"6":1,"7":1,"8":1,"9":1,"10":1},"f":{"0":2},"b":{"0":[1,1,1],"1":[0,2],"2":[2,2]},"inputSourceMap":{"version":3,"file":"app.js","sourceRoot":"","sources":["app.ts"],"names":[],"mappings":";;;;;;AAOA,4DAAkC;AAClC,gFAAsC;AAmBzB,QAAA,MAAM,GAAW,aAAG,CAAC,GAAG,CAAC,SAAS,CAAC,CAAA;AAWnC,QAAA,IAAI,GAAiB;IAYhC,mBAAmB,EAAE,KAAK;IAO1B,eAAe,EAAE,CAAC;IAWlB,iBAAiB,EAAE,KAAK;IAWxB,UAAU,EAAE,oBAAS,CAAC,OAAO,CAAC,UAAU,CAAC;IAUzC,IAAI,EAAE,KAAK;IAOX,iBAAiB,EAAE,UAAU;IAO7B,MAAM,EAAE;QACN,MAAM,EAAE,EAAE;QACV,IAAI,EAAE,GAAG;QACT,MAAM,EAAE,IAAI;QACZ,QAAQ,EAAE,IAAI;QACd,MAAM,EAAE,KAAK;QACb,QAAQ,EAAE,KAAK;KAChB;IAkBD,6BAA6B,EAAE,IAAI;CACpC,CAAA;AAOY,QAAA,MAAM,GAAiB;IAalC,IAAI,EAAE,aAAG,CAAC,GAAG,CAAC,UAAU,CAAC;IAUzB,OAAO,EAAE,IAAI;IAYb,KAAK,EAAE,aAAG,CAAC,GAAG,CAAC,WAAW,EAAE,MAAM,CAAC;IAWnC,WAAW,EAAE,aAAG,CAAC,GAAG,CAAC,UAAU,CAAC,KAAK,aAAa;CACnD,CAAA;AAOY,QAAA,QAAQ,GAAmB;IAStC,OAAO,EAAE,IAAI;IAWb,SAAS,EAAE,EAAE;IAWb,SAAS,EAAE,EAAE;CACd,CAAA;AAWY,QAAA,SAAS,GAAoB,EACzC,CAAA","sourcesContent":["/**\n * Config source: https://git.io/JfefZ\n *\n * Feel free to let us know via PR, if you find something broken in this config\n * file.\n */\n\nimport proxyAddr from 'proxy-addr'\nimport Env from '@ioc:Adonis/Core/Env'\nimport { ServerConfig } from '@ioc:Adonis/Core/Server'\nimport { LoggerConfig } from '@ioc:Adonis/Core/Logger'\nimport { ProfilerConfig } from '@ioc:Adonis/Core/Profiler'\nimport { ValidatorConfig } from '@ioc:Adonis/Core/Validator'\n\n/*\n|--------------------------------------------------------------------------\n| Application secret key\n|--------------------------------------------------------------------------\n|\n| The secret to encrypt and sign different values in your application.\n| Make sure to keep the `APP_KEY` as an environment variable and secure.\n|\n| Note: Changing the application key for an existing app will make all\n| the cookies invalid and also the existing encrypted data will not\n| be decrypted.\n|\n*/\nexport const appKey: string = Env.get('APP_KEY')\n\n/*\n|--------------------------------------------------------------------------\n| Http server configuration\n|--------------------------------------------------------------------------\n|\n| The configuration for the HTTP(s) server. Make sure to go through all\n| the config properties to make keep server secure.\n|\n*/\nexport const http: ServerConfig = {\n  /*\n  |--------------------------------------------------------------------------\n  | Allow method spoofing\n  |--------------------------------------------------------------------------\n  |\n  | Method spoofing enables defining custom HTTP methods using a query string\n  | `_method`. This is usually required when you are making traditional\n  | form requests and wants to use HTTP verbs like `PUT`, `DELETE` and\n  | so on.\n  |\n  */\n  allowMethodSpoofing: false,\n\n  /*\n  |--------------------------------------------------------------------------\n  | Subdomain offset\n  |--------------------------------------------------------------------------\n  */\n  subdomainOffset: 2,\n\n  /*\n  |--------------------------------------------------------------------------\n  | Request Ids\n  |--------------------------------------------------------------------------\n  |\n  | Setting this value to `true` will generate a unique request id for each\n  | HTTP request and set it as `x-request-id` header.\n  |\n  */\n  generateRequestId: false,\n\n  /*\n  |--------------------------------------------------------------------------\n  | Trusting proxy servers\n  |--------------------------------------------------------------------------\n  |\n  | Define the proxy servers that AdonisJs must trust for reading `X-Forwarded`\n  | headers.\n  |\n  */\n  trustProxy: proxyAddr.compile('loopback'),\n\n  /*\n  |--------------------------------------------------------------------------\n  | Generating Etag\n  |--------------------------------------------------------------------------\n  |\n  | Whether or not to generate an etag for every response.\n  |\n  */\n  etag: false,\n\n  /*\n  |--------------------------------------------------------------------------\n  | JSONP Callback\n  |--------------------------------------------------------------------------\n  */\n  jsonpCallbackName: 'callback',\n\n  /*\n  |--------------------------------------------------------------------------\n  | Cookie settings\n  |--------------------------------------------------------------------------\n  */\n  cookie: {\n    domain: '',\n    path: '/',\n    maxAge: '2h',\n    httpOnly: true,\n    secure: false,\n    sameSite: false,\n  },\n\n  /*\n  |--------------------------------------------------------------------------\n  | Force content negotiation to JSON\n  |--------------------------------------------------------------------------\n  |\n  | The internals of the framework relies on the content negotiation to\n  | detect the best possible response type for a given HTTP request.\n  |\n  | However, it is a very common these days that API servers always wants to\n  | make response in JSON regardless of the existence of the `Accept` header.\n  |\n  | By setting `forceContentNegotiationToJSON = true`, you negotiate with the\n  | server in advance to always return JSON without relying on the client\n  | to set the header explicitly.\n  |\n  */\n  forceContentNegotiationToJSON: true,\n}\n\n/*\n|--------------------------------------------------------------------------\n| Logger\n|--------------------------------------------------------------------------\n*/\nexport const logger: LoggerConfig = {\n  /*\n  |--------------------------------------------------------------------------\n  | Application name\n  |--------------------------------------------------------------------------\n  |\n  | The name of the application you want to add to the log. It is recommended\n  | to always have app name in every log line.\n  |\n  | The `APP_NAME` environment variable is automatically set by AdonisJS by\n  | reading the `name` property from the `package.json` file.\n  |\n  */\n  name: Env.get('APP_NAME'),\n\n  /*\n  |--------------------------------------------------------------------------\n  | Toggle logger\n  |--------------------------------------------------------------------------\n  |\n  | Enable or disable logger application wide\n  |\n  */\n  enabled: true,\n\n  /*\n  |--------------------------------------------------------------------------\n  | Logging level\n  |--------------------------------------------------------------------------\n  |\n  | The level from which you want the logger to flush logs. It is recommended\n  | to make use of the environment variable, so that you can define log levels\n  | at deployment level and not code level.\n  |\n  */\n  level: Env.get('LOG_LEVEL', 'info'),\n\n  /*\n  |--------------------------------------------------------------------------\n  | Pretty print\n  |--------------------------------------------------------------------------\n  |\n  | It is highly advised NOT to use `prettyPrint` in production, since it\n  | can have huge impact on performance.\n  |\n  */\n  prettyPrint: Env.get('NODE_ENV') === 'development',\n}\n\n/*\n|--------------------------------------------------------------------------\n| Profiler\n|--------------------------------------------------------------------------\n*/\nexport const profiler: ProfilerConfig = {\n  /*\n  |--------------------------------------------------------------------------\n  | Toggle profiler\n  |--------------------------------------------------------------------------\n  |\n  | Enable or disable profiler\n  |\n  */\n  enabled: true,\n\n  /*\n  |--------------------------------------------------------------------------\n  | Blacklist actions/row labels\n  |--------------------------------------------------------------------------\n  |\n  | Define an array of actions or row labels that you want to disable from\n  | getting profiled.\n  |\n  */\n  blacklist: [],\n\n  /*\n  |--------------------------------------------------------------------------\n  | Whitelist actions/row labels\n  |--------------------------------------------------------------------------\n  |\n  | Define an array of actions or row labels that you want to whitelist for\n  | the profiler. When whitelist is defined, then `blacklist` is ignored.\n  |\n  */\n  whitelist: [],\n}\n\n/*\n|--------------------------------------------------------------------------\n| Validator\n|--------------------------------------------------------------------------\n|\n| Configure the global configuration for the validator. Here's the reference\n| to the default config https://git.io/JT0WE\n|\n*/\nexport const validator: ValidatorConfig = {\n}\n"]},"_coverageSchema":"1a1c01bbd47fc00a2c39e90264f33305004495a9","hash":"01e7cdd6db0e981e44c18a051bc5d6b34fbcbc04","contentHash":"dcab2d487fd7df00d17dedf5e43aba695c84b7e4f65c33d9cd8c9c9db6d75f4c"},"C:\\Users\\usr\\Documents\\projects\\saferide\\backend\\config\\auth.ts":{"path":"C:\\Users\\usr\\Documents\\projects\\saferide\\backend\\config\\auth.ts","statementMap":{"0":{"start":{"line":2,"column":22},"end":{"line":8,"column":3}},"1":{"start":{"line":3,"column":4},"end":{"line":3,"column":33}},"2":{"start":{"line":3,"column":26},"end":{"line":3,"column":33}},"3":{"start":{"line":4,"column":4},"end":{"line":4,"column":89}},"4":{"start":{"line":4,"column":71},"end":{"line":4,"column":83}},"5":{"start":{"line":6,"column":4},"end":{"line":6,"column":33}},"6":{"start":{"line":6,"column":26},"end":{"line":6,"column":33}},"7":{"start":{"line":7,"column":4},"end":{"line":7,"column":17}},"8":{"start":{"line":9,"column":25},"end":{"line":13,"column":2}},"9":{"start":{"line":10,"column":4},"end":{"line":10,"column":72}},"10":{"start":{"line":12,"column":4},"end":{"line":12,"column":21}},"11":{"start":{"line":14,"column":19},"end":{"line":20,"column":1}},"12":{"start":{"line":15,"column":4},"end":{"line":15,"column":42}},"13":{"start":{"line":15,"column":31},"end":{"line":15,"column":42}},"14":{"start":{"line":16,"column":17},"end":{"line":16,"column":19}},"15":{"start":{"line":17,"column":4},"end":{"line":17,"column":141}},"16":{"start":{"line":17,"column":21},"end":{"line":17,"column":141}},"17":{"start":{"line":17,"column":40},"end":{"line":17,"column":141}},"18":{"start":{"line":17,"column":109},"end":{"line":17,"column":141}},"19":{"start":{"line":18,"column":4},"end":{"line":18,"column":36}},"20":{"start":{"line":19,"column":4},"end":{"line":19,"column":18}},"21":{"start":{"line":21,"column":0},"end":{"line":21,"column":62}},"22":{"start":{"line":22,"column":19},"end":{"line":40,"column":1}},"23":{"start":{"line":36,"column":29},"end":{"line":36,"column":121}},"24":{"start":{"line":36,"column":58},"end":{"line":36,"column":120}},"25":{"start":{"line":41,"column":0},"end":{"line":41,"column":29}}},"fnMap":{"0":{"name":"(anonymous_0)","decl":{"start":{"line":2,"column":74},"end":{"line":2,"column":75}},"loc":{"start":{"line":2,"column":96},"end":{"line":5,"column":1}},"line":2},"1":{"name":"(anonymous_1)","decl":{"start":{"line":4,"column":58},"end":{"line":4,"column":59}},"loc":{"start":{"line":4,"column":69},"end":{"line":4,"column":85}},"line":4},"2":{"name":"(anonymous_2)","decl":{"start":{"line":5,"column":6},"end":{"line":5,"column":7}},"loc":{"start":{"line":5,"column":28},"end":{"line":8,"column":1}},"line":5},"3":{"name":"(anonymous_3)","decl":{"start":{"line":9,"column":80},"end":{"line":9,"column":81}},"loc":{"start":{"line":9,"column":95},"end":{"line":11,"column":1}},"line":9},"4":{"name":"(anonymous_4)","decl":{"start":{"line":11,"column":5},"end":{"line":11,"column":6}},"loc":{"start":{"line":11,"column":20},"end":{"line":13,"column":1}},"line":11},"5":{"name":"(anonymous_5)","decl":{"start":{"line":14,"column":50},"end":{"line":14,"column":51}},"loc":{"start":{"line":14,"column":65},"end":{"line":20,"column":1}},"line":14},"6":{"name":"(anonymous_6)","decl":{"start":{"line":36,"column":23},"end":{"line":36,"column":24}},"loc":{"start":{"line":36,"column":29},"end":{"line":36,"column":121}},"line":36},"7":{"name":"(anonymous_7)","decl":{"start":{"line":36,"column":52},"end":{"line":36,"column":53}},"loc":{"start":{"line":36,"column":58},"end":{"line":36,"column":120}},"line":36}},"branchMap":{"0":{"loc":{"start":{"line":2,"column":22},"end":{"line":8,"column":3}},"type":"binary-expr","locations":[{"start":{"line":2,"column":23},"end":{"line":2,"column":27}},{"start":{"line":2,"column":31},"end":{"line":2,"column":51}},{"start":{"line":2,"column":57},"end":{"line":8,"column":2}}],"line":2},"1":{"loc":{"start":{"line":2,"column":57},"end":{"line":8,"column":2}},"type":"cond-expr","locations":[{"start":{"line":2,"column":74},"end":{"line":5,"column":1}},{"start":{"line":5,"column":6},"end":{"line":8,"column":1}}],"line":2},"2":{"loc":{"start":{"line":3,"column":4},"end":{"line":3,"column":33}},"type":"if","locations":[{"start":{"line":3,"column":4},"end":{"line":3,"column":33}},{"start":{"line":3,"column":4},"end":{"line":3,"column":33}}],"line":3},"3":{"loc":{"start":{"line":6,"column":4},"end":{"line":6,"column":33}},"type":"if","locations":[{"start":{"line":6,"column":4},"end":{"line":6,"column":33}},{"start":{"line":6,"column":4},"end":{"line":6,"column":33}}],"line":6},"4":{"loc":{"start":{"line":9,"column":25},"end":{"line":13,"column":2}},"type":"binary-expr","locations":[{"start":{"line":9,"column":26},"end":{"line":9,"column":30}},{"start":{"line":9,"column":34},"end":{"line":9,"column":57}},{"start":{"line":9,"column":63},"end":{"line":13,"column":1}}],"line":9},"5":{"loc":{"start":{"line":9,"column":63},"end":{"line":13,"column":1}},"type":"cond-expr","locations":[{"start":{"line":9,"column":80},"end":{"line":11,"column":1}},{"start":{"line":11,"column":5},"end":{"line":13,"column":1}}],"line":9},"6":{"loc":{"start":{"line":14,"column":19},"end":{"line":20,"column":1}},"type":"binary-expr","locations":[{"start":{"line":14,"column":20},"end":{"line":14,"column":24}},{"start":{"line":14,"column":28},"end":{"line":14,"column":45}},{"start":{"line":14,"column":50},"end":{"line":20,"column":1}}],"line":14},"7":{"loc":{"start":{"line":15,"column":4},"end":{"line":15,"column":42}},"type":"if","locations":[{"start":{"line":15,"column":4},"end":{"line":15,"column":42}},{"start":{"line":15,"column":4},"end":{"line":15,"column":42}}],"line":15},"8":{"loc":{"start":{"line":15,"column":8},"end":{"line":15,"column":29}},"type":"binary-expr","locations":[{"start":{"line":15,"column":8},"end":{"line":15,"column":11}},{"start":{"line":15,"column":15},"end":{"line":15,"column":29}}],"line":15},"9":{"loc":{"start":{"line":17,"column":4},"end":{"line":17,"column":141}},"type":"if","locations":[{"start":{"line":17,"column":4},"end":{"line":17,"column":141}},{"start":{"line":17,"column":4},"end":{"line":17,"column":141}}],"line":17},"10":{"loc":{"start":{"line":17,"column":40},"end":{"line":17,"column":141}},"type":"if","locations":[{"start":{"line":17,"column":40},"end":{"line":17,"column":141}},{"start":{"line":17,"column":40},"end":{"line":17,"column":141}}],"line":17},"11":{"loc":{"start":{"line":17,"column":44},"end":{"line":17,"column":107}},"type":"binary-expr","locations":[{"start":{"line":17,"column":44},"end":{"line":17,"column":59}},{"start":{"line":17,"column":63},"end":{"line":17,"column":107}}],"line":17}},"s":{"0":1,"1":0,"2":0,"3":0,"4":0,"5":0,"6":0,"7":0,"8":1,"9":0,"10":0,"11":1,"12":3,"13":3,"14":0,"15":0,"16":0,"17":0,"18":0,"19":0,"20":0,"21":1,"22":1,"23":3,"24":3,"25":1},"f":{"0":0,"1":0,"2":0,"3":0,"4":0,"5":3,"6":3,"7":3},"b":{"0":[1,1,1],"1":[1,0],"2":[0,0],"3":[0,0],"4":[1,1,1],"5":[1,0],"6":[1,1,1],"7":[3,0],"8":[3,3],"9":[0,0],"10":[0,0],"11":[0,0]},"inputSourceMap":{"version":3,"file":"auth.js","sourceRoot":"","sources":["auth.ts"],"names":[],"mappings":";;;;;;;;;;;;;;;;;;;;;AAkBA,MAAM,UAAU,GAAe;IAC7B,KAAK,EAAE,KAAK;IACZ,IAAI,EAAE;QAcJ,GAAG,EAAE;YACH,MAAM,EAAE,KAAK;YAYb,aAAa,EAAE;gBACb,MAAM,EAAE,UAAU;gBAClB,KAAK,EAAE,YAAY;gBACnB,UAAU,EAAE,SAAS;aACtB;YAED,QAAQ,EAAE;gBASR,MAAM,EAAE,OAAO;gBAWf,aAAa,EAAE,IAAI;gBAYnB,IAAI,EAAE,CAAC,OAAO,EAAC,aAAa,CAAC;gBAa7B,KAAK,EAAE,GAAG,EAAE,6FAA0B;aACvC;SACF;KACF;CACF,CAAA;AAED,kBAAe,UAAU,CAAA","sourcesContent":["/**\n * Config source: https://git.io/JvyKy\n *\n * Feel free to let us know via PR, if you find something broken in this config\n * file.\n */\n\nimport { AuthConfig } from '@ioc:Adonis/Addons/Auth'\n\n/*\n|--------------------------------------------------------------------------\n| Authentication Mapping\n|--------------------------------------------------------------------------\n|\n| List of available authentication mapping. You must first define them\n| inside the `contracts/auth.ts` file before mentioning them here.\n|\n*/\nconst authConfig: AuthConfig = {\n  guard: 'api',\n  list: {\n    /*\n    |--------------------------------------------------------------------------\n    | OAT Guard\n    |--------------------------------------------------------------------------\n    |\n    | OAT (Opaque access tokens) guard uses database backed tokens to authenticate\n    | HTTP request. This guard DOES NOT rely on sessions or cookies and uses\n    | Authorization header value for authentication.\n    |\n    | Use this guard to authenticate mobile apps or web clients that cannot rely\n    | on cookies/sessions.\n    |\n    */\n    api: {\n      driver: 'oat',\n\n      /*\n      |--------------------------------------------------------------------------\n      | Tokens provider\n      |--------------------------------------------------------------------------\n      |\n      | Uses SQL database config for managing tokens. The foreignKey column is used\n      | to make the relationship between the user and the token. You are free to\n      | use any column name here.\n      |\n      */\n      tokenProvider: {\n        driver: 'database',\n        table: 'api_tokens',\n        foreignKey: 'user_id',\n      },\n\n      provider: {\n        /*\n        |--------------------------------------------------------------------------\n        | Driver\n        |--------------------------------------------------------------------------\n        |\n        | Name of the driver\n        |\n        */\n        driver: 'lucid',\n\n        /*\n        |--------------------------------------------------------------------------\n        | Identifier key\n        |--------------------------------------------------------------------------\n        |\n        | The identifier key is the unique key on the model. In most cases specifying\n        | the primary key is the right choice.\n        |\n        */\n        identifierKey: 'id',\n\n        /*\n        |--------------------------------------------------------------------------\n        | Uids\n        |--------------------------------------------------------------------------\n        |\n        | Uids are used to search a user against one of the mentioned columns. During\n        | login, the auth module will search the user mentioned value against one\n        | of the mentioned columns to find their user record.\n        |\n        */\n        uids: ['email','phoneNumber'],\n\n        /*\n        |--------------------------------------------------------------------------\n        | Model\n        |--------------------------------------------------------------------------\n        |\n        | The model to use for fetching or finding users. The model is imported\n        | lazily since the config files are read way earlier in the lifecycle\n        | of booting the app and the models may not be in a usable state at\n        | that time.\n        |\n        */\n        model: () => import('App/Models/User'),\n      },\n    },\n  },\n}\n\nexport default authConfig\n"]},"_coverageSchema":"1a1c01bbd47fc00a2c39e90264f33305004495a9","hash":"3ee365682c0869e9d59077a0cf7ef48c4c0c5fdb","contentHash":"b6da0b25a6a35ce13513f8116a0a73a797bdedf469ecffaab8a95f2055830dc7"},"C:\\Users\\usr\\Documents\\projects\\saferide\\backend\\config\\bodyparser.ts":{"path":"C:\\Users\\usr\\Documents\\projects\\saferide\\backend\\config\\bodyparser.ts","statementMap":{"0":{"start":{"line":2,"column":0},"end":{"line":2,"column":62}},"1":{"start":{"line":3,"column":25},"end":{"line":42,"column":1}},"2":{"start":{"line":43,"column":0},"end":{"line":43,"column":35}}},"fnMap":{},"branchMap":{},"s":{"0":1,"1":1,"2":1},"f":{},"b":{},"inputSourceMap":{"version":3,"file":"bodyparser.js","sourceRoot":"","sources":["bodyparser.ts"],"names":[],"mappings":";;AASA,MAAM,gBAAgB,GAAqB;IAUzC,kBAAkB,EAAE,CAAC,MAAM,EAAE,KAAK,EAAE,OAAO,EAAE,QAAQ,CAAC;IAWtD,IAAI,EAAE;QACJ,QAAQ,EAAE,OAAO;QACjB,KAAK,EAAE,KAAK;QACZ,MAAM,EAAE,IAAI;QACZ,KAAK,EAAE;YACL,kBAAkB;YAClB,6BAA6B;YAC7B,0BAA0B;YAC1B,wBAAwB;SACzB;KACF;IAWD,IAAI,EAAE;QACJ,QAAQ,EAAE,OAAO;QACjB,KAAK,EAAE,KAAK;QACZ,WAAW,EAAE,EAAE;QACf,KAAK,EAAE;YACL,mCAAmC;SACpC;KACF;IAYD,GAAG,EAAE;QACH,QAAQ,EAAE,OAAO;QACjB,KAAK,EAAE,KAAK;QACZ,WAAW,EAAE,EAAE;QACf,KAAK,EAAE;YACL,QAAQ;SACT;KACF;IAWD,SAAS,EAAE;QAcT,WAAW,EAAE,IAAI;QAsBjB,eAAe,EAAE,EAAE;QAuBnB,QAAQ,EAAE,OAAO;QAWjB,SAAS,EAAE,IAAI;QAWf,KAAK,EAAE,MAAM;QAUb,KAAK,EAAE;YACL,qBAAqB;SACtB;KACF;CACF,CAAA;AAED,kBAAe,gBAAgB,CAAA","sourcesContent":["/**\n * Config source: https://git.io/Jfefn\n *\n * Feel free to let us know via PR, if you find something broken in this config\n * file.\n */\n\nimport { BodyParserConfig } from '@ioc:Adonis/Core/BodyParser'\n\nconst bodyParserConfig: BodyParserConfig = {\n  /*\n  |--------------------------------------------------------------------------\n  | White listed methods\n  |--------------------------------------------------------------------------\n  |\n  | HTTP methods for which body parsing must be performed. It is a good practice\n  | to avoid body parsing for `GET` requests.\n  |\n  */\n  whitelistedMethods: ['POST', 'PUT', 'PATCH', 'DELETE'],\n\n  /*\n  |--------------------------------------------------------------------------\n  | JSON parser settings\n  |--------------------------------------------------------------------------\n  |\n  | The settings for the JSON parser. The types defines the request content\n  | types which gets processed by the JSON parser.\n  |\n  */\n  json: {\n    encoding: 'utf-8',\n    limit: '1mb',\n    strict: true,\n    types: [\n      'application/json',\n      'application/json-patch+json',\n      'application/vnd.api+json',\n      'application/csp-report',\n    ],\n  },\n\n  /*\n  |--------------------------------------------------------------------------\n  | Form parser settings\n  |--------------------------------------------------------------------------\n  |\n  | The settings for the `application/x-www-form-urlencoded` parser. The types\n  | defines the request content types which gets processed by the form parser.\n  |\n  */\n  form: {\n    encoding: 'utf-8',\n    limit: '1mb',\n    queryString: {},\n    types: [\n      'application/x-www-form-urlencoded',\n    ],\n  },\n\n  /*\n  |--------------------------------------------------------------------------\n  | Raw body parser settings\n  |--------------------------------------------------------------------------\n  |\n  | Raw body just reads the request body stream as a plain text, which you\n  | can process by hand. This must be used when request body type is not\n  | supported by the body parser.\n  |\n  */\n  raw: {\n    encoding: 'utf-8',\n    limit: '1mb',\n    queryString: {},\n    types: [\n      'text/*',\n    ],\n  },\n\n  /*\n  |--------------------------------------------------------------------------\n  | Multipart parser settings\n  |--------------------------------------------------------------------------\n  |\n  | The settings for the `multipart/form-data` parser. The types defines the\n  | request content types which gets processed by the form parser.\n  |\n  */\n  multipart: {\n    /*\n    |--------------------------------------------------------------------------\n    | Auto process\n    |--------------------------------------------------------------------------\n    |\n    | The auto process option will process uploaded files and writes them to\n    | the `tmp` folder. You can turn it off and then manually use the stream\n    | to pipe stream to a different destination.\n    |\n    | It is recommended to keep `autoProcess=true`. Unless you are processing bigger\n    | file sizes.\n    |\n    */\n    autoProcess: true,\n\n    /*\n    |--------------------------------------------------------------------------\n    | Files to be processed manually\n    |--------------------------------------------------------------------------\n    |\n    | You can turn off `autoProcess` for certain routes by defining\n    | routes inside the following array.\n    |\n    | NOTE: Make sure the route pattern starts with a leading slash.\n    |\n    | Correct\n    | ```js\n    | /projects/:id/file\n    | ```\n    |\n    | Incorrect\n    | ```js\n    | projects/:id/file\n    | ```\n    */\n    processManually: [],\n\n    /*\n    |--------------------------------------------------------------------------\n    | Temporary file name\n    |--------------------------------------------------------------------------\n    |\n    | When auto processing is on. We will use this method to compute the temporary\n    | file name. AdonisJs will compute a unique `tmpPath` for you automatically,\n    | However, you can also define your own custom method.\n    |\n    */\n    // tmpFileName () {\n    // },\n\n    /*\n    |--------------------------------------------------------------------------\n    | Encoding\n    |--------------------------------------------------------------------------\n    |\n    | Request body encoding\n    |\n    */\n    encoding: 'utf-8',\n\n    /*\n    |--------------------------------------------------------------------------\n    | Max Fields\n    |--------------------------------------------------------------------------\n    |\n    | The maximum number of fields allowed in the request body. The field includes\n    | text inputs and files both.\n    |\n    */\n    maxFields: 1000,\n\n    /*\n    |--------------------------------------------------------------------------\n    | Request body limit\n    |--------------------------------------------------------------------------\n    |\n    | The total limit to the multipart body. This includes all request files\n    | and fields data.\n    |\n    */\n    limit: '20mb',\n\n    /*\n    |--------------------------------------------------------------------------\n    | Types\n    |--------------------------------------------------------------------------\n    |\n    | The types that will be considered and parsed as multipart body.\n    |\n    */\n    types: [\n      'multipart/form-data',\n    ],\n  },\n}\n\nexport default bodyParserConfig\n"]},"_coverageSchema":"1a1c01bbd47fc00a2c39e90264f33305004495a9","hash":"edfcc2d224e5af92ff97b21237965e80bc1a3220","contentHash":"d2bfe3b9838e4766fd19df10b05f2677e458f7be4ad881022f1f6db5b24ba7c8"},"C:\\Users\\usr\\Documents\\projects\\saferide\\backend\\config\\cors.ts":{"path":"C:\\Users\\usr\\Documents\\projects\\saferide\\backend\\config\\cors.ts","statementMap":{"0":{"start":{"line":2,"column":0},"end":{"line":2,"column":62}},"1":{"start":{"line":3,"column":19},"end":{"line":18,"column":1}},"2":{"start":{"line":19,"column":0},"end":{"line":19,"column":29}}},"fnMap":{},"branchMap":{},"s":{"0":1,"1":1,"2":1},"f":{},"b":{},"inputSourceMap":{"version":3,"file":"cors.js","sourceRoot":"","sources":["cors.ts"],"names":[],"mappings":";;AASA,MAAM,UAAU,GAAe;IAa7B,OAAO,EAAE,IAAI;IAwBb,MAAM,EAAE,IAAI;IAYZ,OAAO,EAAE,CAAC,KAAK,EAAE,MAAM,EAAE,MAAM,EAAE,KAAK,EAAE,QAAQ,CAAC;IAmBjD,OAAO,EAAE,IAAI;IAsBb,aAAa,EAAE;QACb,eAAe;QACf,kBAAkB;QAClB,cAAc;QACd,SAAS;QACT,eAAe;QACf,QAAQ;KACT;IAaD,WAAW,EAAE,IAAI;IAWjB,MAAM,EAAE,EAAE;CACX,CAAA;AAED,kBAAe,UAAU,CAAA","sourcesContent":["/**\n * Config source: https://git.io/JfefC\n *\n * Feel free to let us know via PR, if you find something broken in this config\n * file.\n */\n\nimport { CorsConfig } from '@ioc:Adonis/Core/Cors'\n\nconst corsConfig: CorsConfig = {\n  /*\n  |--------------------------------------------------------------------------\n  | Enabled\n  |--------------------------------------------------------------------------\n  |\n  | A boolean to enable or disable CORS integration from your AdonisJs\n  | application.\n  |\n  | Setting the value to `true` will enable the CORS for all HTTP request. However,\n  | you can define a function to enable/disable it on per request basis as well.\n  |\n  */\n  enabled: true,\n\n  // You can also use a function that return true or false.\n  // enabled: (request) => request.url().startsWith('/api')\n\n  /*\n  |--------------------------------------------------------------------------\n  | Origin\n  |--------------------------------------------------------------------------\n  |\n  | Set a list of origins to be allowed for `Access-Control-Allow-Origin`.\n  | The value can be one of the following:\n  |\n  | https://developer.mozilla.org/en-US/docs/Web/HTTP/Headers/Access-Control-Allow-Origin\n  |\n  | Boolean (true)    - Allow current request origin.\n  | Boolean (false)   - Disallow all.\n  | String            - Comma separated list of allowed origins.\n  | Array             - An array of allowed origins.\n  | String (*)        - A wildcard (*) to allow all request origins.\n  | Function          - Receives the current origin string and should return\n  |                     one of the above values.\n  |\n  */\n  origin: true,\n\n  /*\n  |--------------------------------------------------------------------------\n  | Methods\n  |--------------------------------------------------------------------------\n  |\n  | An array of allowed HTTP methods for CORS. The `Access-Control-Request-Method`\n  | is checked against the following list.\n  |\n  | Following is the list of default methods. Feel free to add more.\n  */\n  methods: ['GET', 'HEAD', 'POST', 'PUT', 'DELETE'],\n\n  /*\n  |--------------------------------------------------------------------------\n  | Headers\n  |--------------------------------------------------------------------------\n  |\n  | List of headers to be allowed for `Access-Control-Allow-Headers` header.\n  | The value can be one of the following:\n  |\n  | https://developer.mozilla.org/en-US/docs/Web/HTTP/Headers/Access-Control-Request-Headers\n  |\n  | Boolean(true)     - Allow all headers mentioned in `Access-Control-Request-Headers`.\n  | Boolean(false)    - Disallow all headers.\n  | String            - Comma separated list of allowed headers.\n  | Array             - An array of allowed headers.\n  | Function          - Receives the current header and should return one of the above values.\n  |\n  */\n  headers: true,\n\n  /*\n  |--------------------------------------------------------------------------\n  | Expose Headers\n  |--------------------------------------------------------------------------\n  |\n  | A list of headers to be exposed by setting `Access-Control-Expose-Headers`.\n  | header. By default following 6 simple response headers are exposed.\n  |\n  | Cache-Control\n  | Content-Language\n  | Content-Type\n  | Expires\n  | Last-Modified\n  | Pragma\n  |\n  | In order to add more headers, simply define them inside the following array.\n  |\n  | https://developer.mozilla.org/en-US/docs/Web/HTTP/Headers/Access-Control-Expose-Headers\n  |\n  */\n  exposeHeaders: [\n    'cache-control',\n    'content-language',\n    'content-type',\n    'expires',\n    'last-modified',\n    'pragma',\n  ],\n\n  /*\n  |--------------------------------------------------------------------------\n  | Credentials\n  |--------------------------------------------------------------------------\n  |\n  | Toggle `Access-Control-Allow-Credentials` header. If value is set to `true`,\n  | then header will be set, otherwise not.\n  |\n  | https://developer.mozilla.org/en-US/docs/Web/HTTP/Headers/Access-Control-Allow-Credentials\n  |\n  */\n  credentials: true,\n\n  /*\n  |--------------------------------------------------------------------------\n  | MaxAge\n  |--------------------------------------------------------------------------\n  |\n  | Define `Access-Control-Max-Age` header in seconds.\n  | https://developer.mozilla.org/en-US/docs/Web/HTTP/Headers/Access-Control-Max-Age\n  |\n  */\n  maxAge: 90,\n}\n\nexport default corsConfig\n"]},"_coverageSchema":"1a1c01bbd47fc00a2c39e90264f33305004495a9","hash":"bdcb4512a7625bc316adddbd4119b3bba1cd334e","contentHash":"a0fb3983f4b7f4c75a844ac9848db9d931e61dea5def98b864ddc582576f6a84"},"C:\\Users\\usr\\Documents\\projects\\saferide\\backend\\config\\database.ts":{"path":"C:\\Users\\usr\\Documents\\projects\\saferide\\backend\\config\\database.ts","statementMap":{"0":{"start":{"line":2,"column":22},"end":{"line":4,"column":1}},"1":{"start":{"line":3,"column":4},"end":{"line":3,"column":62}},"2":{"start":{"line":5,"column":0},"end":{"line":5,"column":62}},"3":{"start":{"line":6,"column":14},"end":{"line":6,"column":79}},"4":{"start":{"line":7,"column":22},"end":{"line":7,"column":95}},"5":{"start":{"line":8,"column":23},"end":{"line":39,"column":1}},"6":{"start":{"line":40,"column":0},"end":{"line":40,"column":33}}},"fnMap":{"0":{"name":"(anonymous_0)","decl":{"start":{"line":2,"column":56},"end":{"line":2,"column":57}},"loc":{"start":{"line":2,"column":71},"end":{"line":4,"column":1}},"line":2}},"branchMap":{"0":{"loc":{"start":{"line":2,"column":22},"end":{"line":4,"column":1}},"type":"binary-expr","locations":[{"start":{"line":2,"column":23},"end":{"line":2,"column":27}},{"start":{"line":2,"column":31},"end":{"line":2,"column":51}},{"start":{"line":2,"column":56},"end":{"line":4,"column":1}}],"line":2},"1":{"loc":{"start":{"line":3,"column":11},"end":{"line":3,"column":61}},"type":"cond-expr","locations":[{"start":{"line":3,"column":37},"end":{"line":3,"column":40}},{"start":{"line":3,"column":43},"end":{"line":3,"column":61}}],"line":3},"2":{"loc":{"start":{"line":3,"column":12},"end":{"line":3,"column":33}},"type":"binary-expr","locations":[{"start":{"line":3,"column":12},"end":{"line":3,"column":15}},{"start":{"line":3,"column":19},"end":{"line":3,"column":33}}],"line":3},"3":{"loc":{"start":{"line":13,"column":24},"end":{"line":21,"column":17}},"type":"cond-expr","locations":[{"start":{"line":14,"column":16},"end":{"line":14,"column":68}},{"start":{"line":15,"column":16},"end":{"line":21,"column":17}}],"line":13},"4":{"loc":{"start":{"line":13,"column":24},"end":{"line":13,"column":113}},"type":"binary-expr","locations":[{"start":{"line":13,"column":24},"end":{"line":13,"column":58}},{"start":{"line":13,"column":62},"end":{"line":13,"column":113}}],"line":13}},"s":{"0":1,"1":2,"2":1,"3":1,"4":1,"5":1,"6":1},"f":{"0":2},"b":{"0":[1,1,1],"1":[0,2],"2":[2,2],"3":[1,0],"4":[1,1]},"inputSourceMap":{"version":3,"file":"database.js","sourceRoot":"","sources":["database.ts"],"names":[],"mappings":";;;;;AAOA,gFAAsC;AAGtC,gGAAuD;AAEvD,MAAM,cAAc,GAAiD;IAWnE,UAAU,EAAE,aAAG,CAAC,GAAG,CAAC,eAAe,CAAC;IAEpC,WAAW,EAAE;QAYX,EAAE,EAAE;YACF,MAAM,EAAE,IAAI;YAUZ,UAAU,EAAE,qBAAW,CAAC,YAAY,IAAI,qBAAW,CAAC,eAAe,KAAK,SAAS,CAAC,CAAC;gBACjF,aAAG,CAAC,GAAG,CAAC,cAAc,CAAC,GAAG,gBAAgB,CAAC,CAAC;gBAC5C;oBACE,IAAI,EAAE,aAAG,CAAC,GAAG,CAAC,SAAS,CAAC;oBACxB,IAAI,EAAE,aAAG,CAAC,GAAG,CAAC,SAAS,CAAC;oBACxB,IAAI,EAAE,aAAG,CAAC,GAAG,CAAC,SAAS,CAAC;oBACxB,QAAQ,EAAE,aAAG,CAAC,GAAG,CAAC,aAAa,EAAE,EAAE,CAAC;oBACpC,QAAQ,EAAE,aAAG,CAAC,GAAG,CAAC,YAAY,CAAC;iBAChC;YAEH,WAAW,EAAE,qBAAW,CAAC,KAAK;YAC9B,KAAK,EAAE,qBAAW,CAAC,KAAK;SACzB;QACD,MAAM,EAAE;YACN,MAAM,EAAE,IAAI;YACZ,UAAU,EAAE,aAAG,CAAC,GAAG,CAAC,cAAc,CAAC,GAAG,gBAAgB;SACvD;QACD,OAAO,EAAE;YACP,MAAM,EAAE,IAAI;YACZ,UAAU,EAAE,aAAG,CAAC,GAAG,CAAC,sBAAsB,CAAC,GAAG,gBAAgB;SAC/D;QACD,UAAU,EAAE;YACV,MAAM,EAAE,IAAI;YACZ,UAAU,EAAE,aAAG,CAAC,GAAG,CAAC,mBAAmB,CAAC,GAAG,gBAAgB;SAC5D;KAEF;IAcD,GAAG,EAAE,EACJ;CACF,CAAA;AAED,kBAAe,cAAc,CAAA","sourcesContent":["/**\n * Config source: https://git.io/JesV9\n *\n * Feel free to let us know via PR, if you find something broken in this config\n * file.\n */\n\nimport Env from '@ioc:Adonis/Core/Env'\nimport { OrmConfig } from '@ioc:Adonis/Lucid/Orm'\nimport { DatabaseConfig } from '@ioc:Adonis/Lucid/Database'\nimport Application from '@ioc:Adonis/Core/Application';\n\nconst databaseConfig: DatabaseConfig & { orm: Partial<OrmConfig> } = {\n  /*\n  |--------------------------------------------------------------------------\n  | Connection\n  |--------------------------------------------------------------------------\n  |\n  | The primary connection for making database queries across the application\n  | You can use any key from the `connections` object defined in this same\n  | file.\n  |\n  */\n  connection: Env.get('DB_CONNECTION'),\n\n  connections: {\n    /*\n    |--------------------------------------------------------------------------\n    | PostgreSQL config\n    |--------------------------------------------------------------------------\n    |\n    | Configuration for PostgreSQL database. Make sure to install the driver\n    | from npm when using this connection\n    |\n    | npm i pg\n    |\n    */\n    pg: {\n      client: 'pg',\n      //  connection: !Application.inProduction\n      //   ? Env.get(\"DATABASE_URL\") + \"?ssl=no-verify\"\n      //   : {\n      //       host: Env.get(\"DB_HOST\", \"127.0.0.1\") as string,\n      //       port: Number(Env.get(\"DB_PORT\", 5432)),\n      //       user: Env.get(\"DB_USER\", \"lucid\") as string,\n      //       password: Env.get(\"DB_PASSWORD\", \"lucid\") as string,\n      //       database: Env.get(\"DB_NAME\", \"lucid\") as string,\n      //     },\n      connection: Application.inProduction || Application.nodeEnvironment === 'testing' ?\n        Env.get('DATABASE_URL') + \"?ssl=no-verify\" :\n        {\n          host: Env.get('PG_HOST'),\n          port: Env.get('PG_PORT'),\n          user: Env.get('PG_USER'),\n          password: Env.get('PG_PASSWORD', ''),\n          database: Env.get('PG_DB_NAME'),\n        },\n\n      healthCheck: Application.inDev,\n      debug: Application.inDev,\n    },\n    custom: {\n      client: \"pg\",\n      connection: Env.get(\"DATABASE_URL\") + \"?ssl=no-verify\",\n    },\n    staging: {\n      client: \"pg\",\n      connection: Env.get(\"DATABASE_URL_STAGING\") + \"?ssl=no-verify\",\n    },\n    production: {\n      client: \"pg\",\n      connection: Env.get(\"DATABASE_URL_PROD\") + \"?ssl=no-verify\",\n    },\n\n  },\n\n  /*\n  |--------------------------------------------------------------------------\n  | ORM Configuration\n  |--------------------------------------------------------------------------\n  |\n  | Following are some of the configuration options to tweak the conventional\n  | settings of the ORM. For example:\n  |\n  | - Define a custom function to compute the default table name for a given model.\n  | - Or define a custom function to compute the primary key for a given model.\n  |\n  */\n  orm: {\n  },\n}\n\nexport default databaseConfig\n"]},"_coverageSchema":"1a1c01bbd47fc00a2c39e90264f33305004495a9","hash":"3257167bb8d1a57feb9913f8f227e9fd693c9fa6","contentHash":"e1815b7266a4b5720d4bdf5f81bd003dd4ff607618371ddbd004188dc92fd0cc"},"C:\\Users\\usr\\Documents\\projects\\saferide\\backend\\config\\hash.ts":{"path":"C:\\Users\\usr\\Documents\\projects\\saferide\\backend\\config\\hash.ts","statementMap":{"0":{"start":{"line":2,"column":22},"end":{"line":4,"column":1}},"1":{"start":{"line":3,"column":4},"end":{"line":3,"column":62}},"2":{"start":{"line":5,"column":0},"end":{"line":5,"column":62}},"3":{"start":{"line":6,"column":14},"end":{"line":6,"column":79}},"4":{"start":{"line":7,"column":19},"end":{"line":23,"column":1}},"5":{"start":{"line":24,"column":0},"end":{"line":24,"column":29}}},"fnMap":{"0":{"name":"(anonymous_0)","decl":{"start":{"line":2,"column":56},"end":{"line":2,"column":57}},"loc":{"start":{"line":2,"column":71},"end":{"line":4,"column":1}},"line":2}},"branchMap":{"0":{"loc":{"start":{"line":2,"column":22},"end":{"line":4,"column":1}},"type":"binary-expr","locations":[{"start":{"line":2,"column":23},"end":{"line":2,"column":27}},{"start":{"line":2,"column":31},"end":{"line":2,"column":51}},{"start":{"line":2,"column":56},"end":{"line":4,"column":1}}],"line":2},"1":{"loc":{"start":{"line":3,"column":11},"end":{"line":3,"column":61}},"type":"cond-expr","locations":[{"start":{"line":3,"column":37},"end":{"line":3,"column":40}},{"start":{"line":3,"column":43},"end":{"line":3,"column":61}}],"line":3},"2":{"loc":{"start":{"line":3,"column":12},"end":{"line":3,"column":33}},"type":"binary-expr","locations":[{"start":{"line":3,"column":12},"end":{"line":3,"column":15}},{"start":{"line":3,"column":19},"end":{"line":3,"column":33}}],"line":3}},"s":{"0":1,"1":1,"2":1,"3":1,"4":1,"5":1},"f":{"0":1},"b":{"0":[1,1,1],"1":[0,1],"2":[1,1]},"inputSourceMap":{"version":3,"file":"hash.js","sourceRoot":"","sources":["hash.ts"],"names":[],"mappings":";;;;;AAOA,gFAAsC;AAYtC,MAAM,UAAU,GAAe;IAU7B,OAAO,EAAE,aAAG,CAAC,GAAG,CAAC,aAAa,EAAE,OAAO,CAAC;IAExC,IAAI,EAAE;QAcJ,KAAK,EAAE;YACL,MAAM,EAAE,QAAQ;YAChB,OAAO,EAAE,IAAI;YACb,UAAU,EAAE,CAAC;YACb,MAAM,EAAE,IAAI;YACZ,WAAW,EAAE,CAAC;YACd,QAAQ,EAAE,EAAE;SACb;QAeD,MAAM,EAAE;YACN,MAAM,EAAE,QAAQ;YAChB,MAAM,EAAE,EAAE;SACX;KACF;CACF,CAAA;AAED,kBAAe,UAAU,CAAA","sourcesContent":["/**\n * Config source: https://git.io/JfefW\n *\n * Feel free to let us know via PR, if you find something broken in this config\n * file.\n */\n\nimport Env from '@ioc:Adonis/Core/Env'\nimport { HashConfig } from '@ioc:Adonis/Core/Hash'\n\n/*\n|--------------------------------------------------------------------------\n| Hash Config\n|--------------------------------------------------------------------------\n|\n| The `HashConfig` relies on the `HashList` interface which is\n| defined inside `contracts` directory.\n|\n*/\nconst hashConfig: HashConfig = {\n  /*\n  |--------------------------------------------------------------------------\n  | Default hasher\n  |--------------------------------------------------------------------------\n  |\n  | By default we make use of the bcrypt hasher to hash values. However, feel\n  | free to change the default value\n  |\n  */\n  default: Env.get('HASH_DRIVER', 'argon'),\n\n  list: {\n    /*\n    |--------------------------------------------------------------------------\n    | Argon\n    |--------------------------------------------------------------------------\n    |\n    | Argon mapping uses the `argon2` driver to hash values.\n    |\n    | Make sure you install the underlying dependency for this driver to work.\n    | https://www.npmjs.com/package/phc-argon2.\n    |\n    | npm install phc-argon2\n    |\n    */\n    argon: {\n      driver: 'argon2',\n      variant: 'id',\n      iterations: 3,\n      memory: 4096,\n      parallelism: 1,\n      saltSize: 16,\n    },\n\n    /*\n    |--------------------------------------------------------------------------\n    | Bcrypt\n    |--------------------------------------------------------------------------\n    |\n    | Bcrypt mapping uses the `bcrypt` driver to hash values.\n    |\n    | Make sure you install the underlying dependency for this driver to work.\n    | https://www.npmjs.com/package/phc-bcrypt.\n    |\n    | npm install phc-bcrypt\n    |\n    */\n    bcrypt: {\n      driver: 'bcrypt',\n      rounds: 10,\n    },\n  },\n}\n\nexport default hashConfig\n"]},"_coverageSchema":"1a1c01bbd47fc00a2c39e90264f33305004495a9","hash":"41da43ba72e17cfa158d0f3e2e07f9880d0f2b6d","contentHash":"ea6f873fbbf91682edf920a22534654d3bc27572ec86e93daababf1e3465c089"},"C:\\Users\\usr\\Documents\\projects\\saferide\\backend\\config\\imagekit.ts":{"path":"C:\\Users\\usr\\Documents\\projects\\saferide\\backend\\config\\imagekit.ts","statementMap":{"0":{"start":{"line":2,"column":22},"end":{"line":4,"column":1}},"1":{"start":{"line":3,"column":4},"end":{"line":3,"column":62}},"2":{"start":{"line":5,"column":0},"end":{"line":5,"column":62}},"3":{"start":{"line":6,"column":14},"end":{"line":6,"column":79}},"4":{"start":{"line":7,"column":27},"end":{"line":13,"column":1}},"5":{"start":{"line":14,"column":0},"end":{"line":14,"column":37}}},"fnMap":{"0":{"name":"(anonymous_0)","decl":{"start":{"line":2,"column":56},"end":{"line":2,"column":57}},"loc":{"start":{"line":2,"column":71},"end":{"line":4,"column":1}},"line":2}},"branchMap":{"0":{"loc":{"start":{"line":2,"column":22},"end":{"line":4,"column":1}},"type":"binary-expr","locations":[{"start":{"line":2,"column":23},"end":{"line":2,"column":27}},{"start":{"line":2,"column":31},"end":{"line":2,"column":51}},{"start":{"line":2,"column":56},"end":{"line":4,"column":1}}],"line":2},"1":{"loc":{"start":{"line":3,"column":11},"end":{"line":3,"column":61}},"type":"cond-expr","locations":[{"start":{"line":3,"column":37},"end":{"line":3,"column":40}},{"start":{"line":3,"column":43},"end":{"line":3,"column":61}}],"line":3},"2":{"loc":{"start":{"line":3,"column":12},"end":{"line":3,"column":33}},"type":"binary-expr","locations":[{"start":{"line":3,"column":12},"end":{"line":3,"column":15}},{"start":{"line":3,"column":19},"end":{"line":3,"column":33}}],"line":3}},"s":{"0":1,"1":1,"2":1,"3":1,"4":1,"5":1},"f":{"0":1},"b":{"0":[1,1,1],"1":[0,1],"2":[1,1]},"inputSourceMap":{"version":3,"file":"imagekit.js","sourceRoot":"","sources":["imagekit.ts"],"names":[],"mappings":";;;;;AAAA,gFAAuC;AAEvC,MAAM,kBAAkB,GAAG;IACzB,QAAQ,EAAE;QACR,EAAE,EAAE,aAAG,CAAC,GAAG,CAAC,aAAa,CAAC;QAC1B,SAAS,EAAE,aAAG,CAAC,GAAG,CAAC,qBAAqB,CAAC;QACzC,UAAU,EAAE,aAAG,CAAC,GAAG,CAAC,sBAAsB,CAAC;KAC5C;CACF,CAAC;AACF,kBAAe,kBAAkB,CAAC","sourcesContent":["import Env from \"@ioc:Adonis/Core/Env\";\r\n\r\nconst ImageServiceConfig = {\r\n  imageKit: {\r\n    id: Env.get(\"IMAGEKIT_ID\"),\r\n    publicKey: Env.get(\"IMAGEKIT_PUBLIC_KEY\"),\r\n    privateKey: Env.get(\"IMAGEKIT_PRIVATE_KEY\"),\r\n  },\r\n};\r\nexport default ImageServiceConfig;\r\n"]},"_coverageSchema":"1a1c01bbd47fc00a2c39e90264f33305004495a9","hash":"6a7b976d3543928a0e760c61a9757d7eedc4d608","contentHash":"b0c901fe4e5479ca9a797baf4a4cd6336e890a56e8a837bdac7a967af10559ae"},"C:\\Users\\usr\\Documents\\projects\\saferide\\backend\\config\\paystack.ts":{"path":"C:\\Users\\usr\\Documents\\projects\\saferide\\backend\\config\\paystack.ts","statementMap":{"0":{"start":{"line":2,"column":22},"end":{"line":4,"column":1}},"1":{"start":{"line":3,"column":4},"end":{"line":3,"column":62}},"2":{"start":{"line":5,"column":0},"end":{"line":5,"column":62}},"3":{"start":{"line":6,"column":14},"end":{"line":6,"column":79}},"4":{"start":{"line":7,"column":0},"end":{"line":10,"column":2}}},"fnMap":{"0":{"name":"(anonymous_0)","decl":{"start":{"line":2,"column":56},"end":{"line":2,"column":57}},"loc":{"start":{"line":2,"column":71},"end":{"line":4,"column":1}},"line":2}},"branchMap":{"0":{"loc":{"start":{"line":2,"column":22},"end":{"line":4,"column":1}},"type":"binary-expr","locations":[{"start":{"line":2,"column":23},"end":{"line":2,"column":27}},{"start":{"line":2,"column":31},"end":{"line":2,"column":51}},{"start":{"line":2,"column":56},"end":{"line":4,"column":1}}],"line":2},"1":{"loc":{"start":{"line":3,"column":11},"end":{"line":3,"column":61}},"type":"cond-expr","locations":[{"start":{"line":3,"column":37},"end":{"line":3,"column":40}},{"start":{"line":3,"column":43},"end":{"line":3,"column":61}}],"line":3},"2":{"loc":{"start":{"line":3,"column":12},"end":{"line":3,"column":33}},"type":"binary-expr","locations":[{"start":{"line":3,"column":12},"end":{"line":3,"column":15}},{"start":{"line":3,"column":19},"end":{"line":3,"column":33}}],"line":3}},"s":{"0":1,"1":1,"2":1,"3":1,"4":1},"f":{"0":1},"b":{"0":[1,1,1],"1":[0,1],"2":[1,1]},"inputSourceMap":{"version":3,"file":"paystack.js","sourceRoot":"","sources":["paystack.ts"],"names":[],"mappings":";;;;;AAAA,gFAAuC;AAEvC,kBAAe;IACX,SAAS,EAAE,aAAG,CAAC,GAAG,CAAC,qBAAqB,CAAW;IACnD,UAAU,EAAE,aAAG,CAAC,GAAG,CAAC,qBAAqB,CAAW;CACvD,CAAC","sourcesContent":["import Env from \"@ioc:Adonis/Core/Env\";\r\n\r\nexport default {\r\n    publicKey: Env.get(\"PAYSTACK_PUBLIC_KEY\") as string,\r\n    privateKey: Env.get(\"PAYSTACK_SECRET_KEY\") as string,\r\n};\r\n"]},"_coverageSchema":"1a1c01bbd47fc00a2c39e90264f33305004495a9","hash":"bc16c7623613dfed9f2f4bc6bf34d32266239100","contentHash":"231c125205c54c819dec260f60175ad006dbb52667801ae42ab5f52bbde51f6b"},"C:\\Users\\usr\\Documents\\projects\\saferide\\backend\\config\\static.ts":{"path":"C:\\Users\\usr\\Documents\\projects\\saferide\\backend\\config\\static.ts","statementMap":{"0":{"start":{"line":2,"column":0},"end":{"line":2,"column":62}},"1":{"start":{"line":3,"column":0},"end":{"line":5,"column":2}}},"fnMap":{},"branchMap":{},"s":{"0":1,"1":1},"f":{},"b":{},"inputSourceMap":{"version":3,"file":"static.js","sourceRoot":"","sources":["static.ts"],"names":[],"mappings":";;AAAA,kBAAe;IACb,OAAO,EAAE,IAAI;CACd,CAAA","sourcesContent":["export default {\r\n  enabled: true\r\n}\r\n"]},"_coverageSchema":"1a1c01bbd47fc00a2c39e90264f33305004495a9","hash":"f6c4d34da0a0af02c370fd8050c6fa8f4da63589","contentHash":"e58a2d62eeaffa583c6fd7062152680d4cce5db773d6f09dc1cb42b02548487a"},"C:\\Users\\usr\\Documents\\projects\\saferide\\backend\\providers\\AppProvider.ts":{"path":"C:\\Users\\usr\\Documents\\projects\\saferide\\backend\\providers\\AppProvider.ts","statementMap":{"0":{"start":{"line":2,"column":22},"end":{"line":8,"column":3}},"1":{"start":{"line":3,"column":4},"end":{"line":3,"column":33}},"2":{"start":{"line":3,"column":26},"end":{"line":3,"column":33}},"3":{"start":{"line":4,"column":4},"end":{"line":4,"column":89}},"4":{"start":{"line":4,"column":71},"end":{"line":4,"column":83}},"5":{"start":{"line":6,"column":4},"end":{"line":6,"column":33}},"6":{"start":{"line":6,"column":26},"end":{"line":6,"column":33}},"7":{"start":{"line":7,"column":4},"end":{"line":7,"column":17}},"8":{"start":{"line":9,"column":25},"end":{"line":13,"column":2}},"9":{"start":{"line":10,"column":4},"end":{"line":10,"column":72}},"10":{"start":{"line":12,"column":4},"end":{"line":12,"column":21}},"11":{"start":{"line":14,"column":19},"end":{"line":20,"column":1}},"12":{"start":{"line":15,"column":4},"end":{"line":15,"column":42}},"13":{"start":{"line":15,"column":31},"end":{"line":15,"column":42}},"14":{"start":{"line":16,"column":17},"end":{"line":16,"column":19}},"15":{"start":{"line":17,"column":4},"end":{"line":17,"column":141}},"16":{"start":{"line":17,"column":21},"end":{"line":17,"column":141}},"17":{"start":{"line":17,"column":40},"end":{"line":17,"column":141}},"18":{"start":{"line":17,"column":109},"end":{"line":17,"column":141}},"19":{"start":{"line":18,"column":4},"end":{"line":18,"column":36}},"20":{"start":{"line":19,"column":4},"end":{"line":19,"column":18}},"21":{"start":{"line":21,"column":0},"end":{"line":21,"column":62}},"22":{"start":{"line":24,"column":8},"end":{"line":24,"column":23}},"23":{"start":{"line":31,"column":20},"end":{"line":31,"column":126}},"24":{"start":{"line":31,"column":55},"end":{"line":31,"column":125}},"25":{"start":{"line":32,"column":8},"end":{"line":34,"column":9}},"26":{"start":{"line":33,"column":12},"end":{"line":33,"column":89}},"27":{"start":{"line":33,"column":47},"end":{"line":33,"column":87}},"28":{"start":{"line":39,"column":0},"end":{"line":39,"column":30}},"29":{"start":{"line":40,"column":0},"end":{"line":40,"column":36}}},"fnMap":{"0":{"name":"(anonymous_0)","decl":{"start":{"line":2,"column":74},"end":{"line":2,"column":75}},"loc":{"start":{"line":2,"column":96},"end":{"line":5,"column":1}},"line":2},"1":{"name":"(anonymous_1)","decl":{"start":{"line":4,"column":58},"end":{"line":4,"column":59}},"loc":{"start":{"line":4,"column":69},"end":{"line":4,"column":85}},"line":4},"2":{"name":"(anonymous_2)","decl":{"start":{"line":5,"column":6},"end":{"line":5,"column":7}},"loc":{"start":{"line":5,"column":28},"end":{"line":8,"column":1}},"line":5},"3":{"name":"(anonymous_3)","decl":{"start":{"line":9,"column":80},"end":{"line":9,"column":81}},"loc":{"start":{"line":9,"column":95},"end":{"line":11,"column":1}},"line":9},"4":{"name":"(anonymous_4)","decl":{"start":{"line":11,"column":5},"end":{"line":11,"column":6}},"loc":{"start":{"line":11,"column":20},"end":{"line":13,"column":1}},"line":11},"5":{"name":"(anonymous_5)","decl":{"start":{"line":14,"column":50},"end":{"line":14,"column":51}},"loc":{"start":{"line":14,"column":65},"end":{"line":20,"column":1}},"line":14},"6":{"name":"(anonymous_6)","decl":{"start":{"line":23,"column":4},"end":{"line":23,"column":5}},"loc":{"start":{"line":23,"column":21},"end":{"line":25,"column":5}},"line":23},"7":{"name":"(anonymous_7)","decl":{"start":{"line":26,"column":4},"end":{"line":26,"column":5}},"loc":{"start":{"line":26,"column":15},"end":{"line":27,"column":5}},"line":26},"8":{"name":"(anonymous_8)","decl":{"start":{"line":28,"column":4},"end":{"line":28,"column":5}},"loc":{"start":{"line":28,"column":17},"end":{"line":29,"column":5}},"line":28},"9":{"name":"(anonymous_9)","decl":{"start":{"line":30,"column":4},"end":{"line":30,"column":5}},"loc":{"start":{"line":30,"column":18},"end":{"line":35,"column":5}},"line":30},"10":{"name":"(anonymous_10)","decl":{"start":{"line":31,"column":49},"end":{"line":31,"column":50}},"loc":{"start":{"line":31,"column":55},"end":{"line":31,"column":125}},"line":31},"11":{"name":"(anonymous_11)","decl":{"start":{"line":33,"column":41},"end":{"line":33,"column":42}},"loc":{"start":{"line":33,"column":47},"end":{"line":33,"column":87}},"line":33},"12":{"name":"(anonymous_12)","decl":{"start":{"line":36,"column":4},"end":{"line":36,"column":5}},"loc":{"start":{"line":36,"column":21},"end":{"line":37,"column":5}},"line":36}},"branchMap":{"0":{"loc":{"start":{"line":2,"column":22},"end":{"line":8,"column":3}},"type":"binary-expr","locations":[{"start":{"line":2,"column":23},"end":{"line":2,"column":27}},{"start":{"line":2,"column":31},"end":{"line":2,"column":51}},{"start":{"line":2,"column":57},"end":{"line":8,"column":2}}],"line":2},"1":{"loc":{"start":{"line":2,"column":57},"end":{"line":8,"column":2}},"type":"cond-expr","locations":[{"start":{"line":2,"column":74},"end":{"line":5,"column":1}},{"start":{"line":5,"column":6},"end":{"line":8,"column":1}}],"line":2},"2":{"loc":{"start":{"line":3,"column":4},"end":{"line":3,"column":33}},"type":"if","locations":[{"start":{"line":3,"column":4},"end":{"line":3,"column":33}},{"start":{"line":3,"column":4},"end":{"line":3,"column":33}}],"line":3},"3":{"loc":{"start":{"line":6,"column":4},"end":{"line":6,"column":33}},"type":"if","locations":[{"start":{"line":6,"column":4},"end":{"line":6,"column":33}},{"start":{"line":6,"column":4},"end":{"line":6,"column":33}}],"line":6},"4":{"loc":{"start":{"line":9,"column":25},"end":{"line":13,"column":2}},"type":"binary-expr","locations":[{"start":{"line":9,"column":26},"end":{"line":9,"column":30}},{"start":{"line":9,"column":34},"end":{"line":9,"column":57}},{"start":{"line":9,"column":63},"end":{"line":13,"column":1}}],"line":9},"5":{"loc":{"start":{"line":9,"column":63},"end":{"line":13,"column":1}},"type":"cond-expr","locations":[{"start":{"line":9,"column":80},"end":{"line":11,"column":1}},{"start":{"line":11,"column":5},"end":{"line":13,"column":1}}],"line":9},"6":{"loc":{"start":{"line":14,"column":19},"end":{"line":20,"column":1}},"type":"binary-expr","locations":[{"start":{"line":14,"column":20},"end":{"line":14,"column":24}},{"start":{"line":14,"column":28},"end":{"line":14,"column":45}},{"start":{"line":14,"column":50},"end":{"line":20,"column":1}}],"line":14},"7":{"loc":{"start":{"line":15,"column":4},"end":{"line":15,"column":42}},"type":"if","locations":[{"start":{"line":15,"column":4},"end":{"line":15,"column":42}},{"start":{"line":15,"column":4},"end":{"line":15,"column":42}}],"line":15},"8":{"loc":{"start":{"line":15,"column":8},"end":{"line":15,"column":29}},"type":"binary-expr","locations":[{"start":{"line":15,"column":8},"end":{"line":15,"column":11}},{"start":{"line":15,"column":15},"end":{"line":15,"column":29}}],"line":15},"9":{"loc":{"start":{"line":17,"column":4},"end":{"line":17,"column":141}},"type":"if","locations":[{"start":{"line":17,"column":4},"end":{"line":17,"column":141}},{"start":{"line":17,"column":4},"end":{"line":17,"column":141}}],"line":17},"10":{"loc":{"start":{"line":17,"column":40},"end":{"line":17,"column":141}},"type":"if","locations":[{"start":{"line":17,"column":40},"end":{"line":17,"column":141}},{"start":{"line":17,"column":40},"end":{"line":17,"column":141}}],"line":17},"11":{"loc":{"start":{"line":17,"column":44},"end":{"line":17,"column":107}},"type":"binary-expr","locations":[{"start":{"line":17,"column":44},"end":{"line":17,"column":59}},{"start":{"line":17,"column":63},"end":{"line":17,"column":107}}],"line":17},"12":{"loc":{"start":{"line":32,"column":8},"end":{"line":34,"column":9}},"type":"if","locations":[{"start":{"line":32,"column":8},"end":{"line":34,"column":9}},{"start":{"line":32,"column":8},"end":{"line":34,"column":9}}],"line":32}},"s":{"0":1,"1":24,"2":24,"3":24,"4":0,"5":0,"6":0,"7":0,"8":1,"9":1,"10":0,"11":1,"12":2,"13":1,"14":1,"15":1,"16":1,"17":24,"18":24,"19":1,"20":1,"21":1,"22":1,"23":1,"24":1,"25":1,"26":1,"27":1,"28":1,"29":1},"f":{"0":24,"1":0,"2":0,"3":1,"4":0,"5":2,"6":1,"7":1,"8":1,"9":1,"10":1,"11":1,"12":0},"b":{"0":[1,1,1],"1":[1,0],"2":[24,0],"3":[0,0],"4":[1,1,1],"5":[1,0],"6":[1,1,1],"7":[1,1],"8":[2,2],"9":[1,0],"10":[24,0],"11":[24,24],"12":[1,0]},"inputSourceMap":{"version":3,"file":"AppProvider.js","sourceRoot":"","sources":["AppProvider.ts"],"names":[],"mappings":";;;;;;;;;;;;;;;;;;;;;AAEA,MAAqB,WAAW;IAG9B,YAAsB,GAAwB;QAAxB,QAAG,GAAH,GAAG,CAAqB;IAC9C,CAAC;IAEM,QAAQ;IAEf,CAAC;IAEM,KAAK,CAAC,IAAI;IAEjB,CAAC;IAEM,KAAK,CAAC,KAAK;QAChB,MAAM,GAAG,GAAG,0GAA4C,CAAA;QAExD,IAAI,GAAG,CAAC,OAAO,CAAC,WAAW,KAAK,KAAK,EAAE;YACrC,wDAAa,iBAAiB,GAAC,CAAA;SAChC;IACH,CAAC;IAEM,KAAK,CAAC,QAAQ;IAErB,CAAC;;AAxBH,8BAyBC;AAxBe,4BAAgB,GAAG,IAAI,CAAA","sourcesContent":["import { ApplicationContract } from '@ioc:Adonis/Core/Application'\r\n\r\nexport default class AppProvider {\r\n  public static needsApplication = true\r\n\r\n  constructor(protected app: ApplicationContract) {\r\n  }\r\n\r\n  public register() {\r\n    // Register your own bindings\r\n  }\r\n\r\n  public async boot() {\r\n    // IoC container is ready\r\n  }\r\n\r\n  public async ready() {\r\n    const App = await import('@ioc:Adonis/Core/Application')\r\n\r\n    if (App.default.environment === 'web') {\r\n      await import('../start/socket')\r\n    }\r\n  }\r\n\r\n  public async shutdown() {\r\n    // Cleanup, since app is going down\r\n  }\r\n}\r\n"]},"_coverageSchema":"1a1c01bbd47fc00a2c39e90264f33305004495a9","hash":"c30c2388830b6e6a2c5795fbab741e447347841e","contentHash":"f6b9863164ae92ca2ed091bbcd286727c35eaa7d8d3f3fe2c6da43871c026278"},"C:\\Users\\usr\\Documents\\projects\\saferide\\backend\\start\\routes.ts":{"path":"C:\\Users\\usr\\Documents\\projects\\saferide\\backend\\start\\routes.ts","statementMap":{"0":{"start":{"line":2,"column":22},"end":{"line":4,"column":1}},"1":{"start":{"line":3,"column":4},"end":{"line":3,"column":62}},"2":{"start":{"line":5,"column":0},"end":{"line":5,"column":62}},"3":{"start":{"line":6,"column":16},"end":{"line":6,"column":83}},"4":{"start":{"line":7,"column":22},"end":{"line":7,"column":95}},"5":{"start":{"line":8,"column":16},"end":{"line":8,"column":41}},"6":{"start":{"line":9,"column":0},"end":{"line":17,"column":3}},"7":{"start":{"line":10,"column":4},"end":{"line":16,"column":5}},"8":{"start":{"line":11,"column":23},"end":{"line":11,"column":62}},"9":{"start":{"line":12,"column":8},"end":{"line":12,"column":82}},"10":{"start":{"line":15,"column":8},"end":{"line":15,"column":20}},"11":{"start":{"line":18,"column":0},"end":{"line":20,"column":3}},"12":{"start":{"line":19,"column":4},"end":{"line":19,"column":41}},"13":{"start":{"line":21,"column":0},"end":{"line":32,"column":20}},"14":{"start":{"line":22,"column":4},"end":{"line":22,"column":25}},"15":{"start":{"line":23,"column":4},"end":{"line":23,"column":25}},"16":{"start":{"line":24,"column":4},"end":{"line":24,"column":26}},"17":{"start":{"line":25,"column":4},"end":{"line":25,"column":26}},"18":{"start":{"line":26,"column":4},"end":{"line":26,"column":25}},"19":{"start":{"line":27,"column":4},"end":{"line":27,"column":26}},"20":{"start":{"line":28,"column":4},"end":{"line":28,"column":27}},"21":{"start":{"line":29,"column":4},"end":{"line":29,"column":32}},"22":{"start":{"line":30,"column":4},"end":{"line":30,"column":28}},"23":{"start":{"line":31,"column":4},"end":{"line":31,"column":24}}},"fnMap":{"0":{"name":"(anonymous_0)","decl":{"start":{"line":2,"column":56},"end":{"line":2,"column":57}},"loc":{"start":{"line":2,"column":71},"end":{"line":4,"column":1}},"line":2},"1":{"name":"(anonymous_1)","decl":{"start":{"line":9,"column":30},"end":{"line":9,"column":31}},"loc":{"start":{"line":9,"column":54},"end":{"line":17,"column":1}},"line":9},"2":{"name":"(anonymous_2)","decl":{"start":{"line":18,"column":25},"end":{"line":18,"column":26}},"loc":{"start":{"line":18,"column":49},"end":{"line":20,"column":1}},"line":18},"3":{"name":"(anonymous_3)","decl":{"start":{"line":21,"column":22},"end":{"line":21,"column":23}},"loc":{"start":{"line":21,"column":28},"end":{"line":32,"column":1}},"line":21}},"branchMap":{"0":{"loc":{"start":{"line":2,"column":22},"end":{"line":4,"column":1}},"type":"binary-expr","locations":[{"start":{"line":2,"column":23},"end":{"line":2,"column":27}},{"start":{"line":2,"column":31},"end":{"line":2,"column":51}},{"start":{"line":2,"column":56},"end":{"line":4,"column":1}}],"line":2},"1":{"loc":{"start":{"line":3,"column":11},"end":{"line":3,"column":61}},"type":"cond-expr","locations":[{"start":{"line":3,"column":37},"end":{"line":3,"column":40}},{"start":{"line":3,"column":43},"end":{"line":3,"column":61}}],"line":3},"2":{"loc":{"start":{"line":3,"column":12},"end":{"line":3,"column":33}},"type":"binary-expr","locations":[{"start":{"line":3,"column":12},"end":{"line":3,"column":15}},{"start":{"line":3,"column":19},"end":{"line":3,"column":33}}],"line":3},"3":{"loc":{"start":{"line":12,"column":15},"end":{"line":12,"column":81}},"type":"cond-expr","locations":[{"start":{"line":12,"column":32},"end":{"line":12,"column":51}},{"start":{"line":12,"column":54},"end":{"line":12,"column":81}}],"line":12}},"s":{"0":1,"1":2,"2":1,"3":1,"4":1,"5":1,"6":1,"7":0,"8":0,"9":0,"10":0,"11":1,"12":0,"13":1,"14":1,"15":1,"16":1,"17":1,"18":1,"19":1,"20":1,"21":1,"22":1,"23":1},"f":{"0":2,"1":0,"2":0,"3":1},"b":{"0":[1,1,1],"1":[0,2],"2":[2,2],"3":[0,0]},"inputSourceMap":{"version":3,"file":"routes.js","sourceRoot":"","sources":["routes.ts"],"names":[],"mappings":";;;;;AACA,oFAA2C;AAC3C,gGAAuD;AAEvD,0CAWwB;AAGxB,eAAK,CAAC,GAAG,CAAC,QAAQ,EAAE,KAAK,EAAE,EAAE,QAAQ,EAAuB,EAAE,EAAE;IAC9D,IAAI;QACF,MAAM,MAAM,GAAG,MAAM,qBAAW,CAAC,SAAS,EAAE,CAAC;QA
[...]
lumn":82},"end":{"line":76,"column":88}},{"start":{"line":76,"column":91},"end":{"line":76,"column":96}}],"line":76},"12":{"loc":{"start":{"line":76,"column":29},"end":{"line":76,"column":79}},"type":"binary-expr","locations":[{"start":{"line":76,"column":29},"end":{"line":76,"column":62}},{"start":{"line":76,"column":66},"end":{"line":76,"column":79}}],"line":76},"13":{"loc":{"start":{"line":76,"column":102},"end":{"line":76,"column":168}},"type":"cond-expr","locations":[{"start":{"line":76,"column":154},"end":{"line":76,"column":160}},{"start":{"line":76,"column":163},"end":{"line":76,"column":168}}],"line":76},"14":{"loc":{"start":{"line":76,"column":102},"end":{"line":76,"column":151}},"type":"binary-expr","locations":[{"start":{"line":76,"column":102},"end":{"line":76,"column":134}},{"start":{"line":76,"column":138},"end":{"line":76,"column":151}}],"line":76}},"s":{"0":1,"1":3,"2":1,"3":1,"4":1,"5":1,"6":1,"7":1,"8":2,"9":2,"10":2,"11":2,"12":2,"13":2,"14":2,"15":2,"16":2,"17":2,"18":2,"19":0,"20":0,"21":0,"22":0,"23":0,"24":0,"25":0,"26":0,"27":0,"28":0,"29":0,"30":0,"31":0,"32":0,"33":0,"34":0,"35":0,"36":0,"37":0,"38":0,"39":0,"40":0,"41":0,"42":0,"43":1},"f":{"0":3,"1":2,"2":0,"3":0},"b":{"0":[1,1,1],"1":[3,0],"2":[3,3],"3":[2,0],"4":[2,2,0],"5":[2,0],"6":[2,2],"7":[0,2],"8":[2,2],"9":[0,0],"10":[0,0,0],"11":[0,0],"12":[0,0],"13":[0,0],"14":[0,0]},"inputSourceMap":{"version":3,"file":"AuthController.js","sourceRoot":"","sources":["AuthController.ts"],"names":[],"mappings":";;;;;AACA,2EAA2D;AAC3D,2DAAqC;AACrC,iFAAmC;AACnC,qFAAuC;AACvC,mFAAqC;AAGrC,MAAqB,cAAc;IAExB,KAAK,CAAC,KAAK,CAAC,EAAE,OAAO,EAAE,IAAI,EAAuB;;QACrD,IAAI;YACA,MAAM,EAAE,QAAQ,EAAE,KAAK,EAAE,WAAW,EAAE,GAAG,MAAM,OAAO,CAAC,QAAQ,CAAC;gBAC5D,MAAM,EAAE,kBAAM,CAAC,MAAM,CAAC;oBAClB,QAAQ,EAAE,kBAAM,CAAC,MAAM,CAAC,EAAE,IAAI,EAAE,IAAI,EAAE,CAAC;oBACvC,KAAK,EAAE,kBAAM,CAAC,MAAM,CAAC,QAAQ,CAAC,EAAE,IAAI,EAAE,IAAI,EAAE,CAAC;oBAC7C,WAAW,EAAE,kBAAM,CAAC,MAAM,CAAC,QAAQ,CAAC,EAAE,IAAI,EAAE,IAAI,EAAE,CAAC;iBACtD,CAAC;gBACF,QAAQ,EAAR,gBAAQ;aACX,CAAC,CAAC;YACH,MAAM,IAAI,GAAG,KAAK,IAAI,WAAqB,CAAC;YAC5C,MAAM,KAAK,GAAG,MAAM,IAAI,CAAC,GAAG,CAAC,KAAK,CAAC,CAAC,OAAO,CAAC,IAAI,EAAE,QAAQ,CAAC,CAAC;YAC5D,MAAM,OAAO,GAAG,KAAK,CAAC,MAAM,EAAE,CAAC;YAC/B,MAAM,KAAK,CAAC,IAAI,CAAC,OAAO,CAAC,QAAQ,CAAC,CAAC;YACnC,MAAM,KAAK,CAAC,IAAI,CAAC,OAAO,CAAC,OAAO,CAAC,CAAC;YAClC,MAAM,OAAO,GAAG,OAAA,KAAK,CAAC,IAAI,CAAC,MAAM,0CAAE,EAAE,YAAI,KAAK,CAAC,IAAI,CAAC,KAAK,0CAAE,EAAE,CAAA,IAAI,KAAK,CAAC,IAAI,CAAC,EAAE,CAAC;YAC/E,MAAM,SAAS,GAAG,OAAO,CAAC,KAAK,CAAC;YAChC,MAAM,EAAE,KAAK,EAAE,SAAS,EAAE,YAAY,EAAE,IAAI,EAAE,UAAU,EAAE,GAAG,KAAK,CAAC,IAAI,CAAC,MAAM,EAAE,CAAC;YAEjF,OAAO;gBACH,OAAO;gBACP,KAAK,EAAE,SAAS;gBAChB,KAAK,EAAE,SAAS;gBAChB,YAAY;gBACZ,IAAI;gBACJ,UAAU;aACb,CAAC;SACL;QAAC,OAAO,KAAK,EAAE;YACZ,MAAM,KAAK,CAAA;SACd;IACL,CAAC;IACM,KAAK,CAAC,QAAQ,CAAC,EAAE,OAAO,EAAE,IAAI,EAAuB;;QACxD,IAAI;YACA,MAAM,EAAE,QAAQ,EAAE,WAAW,EAAE,QAAQ,EAAE,GAAG,MAAM,OAAO,CAAC,QAAQ,CAAC;gBAC/D,MAAM,EAAE,kBAAM,CAAC,MAAM,CAAC;oBAClB,QAAQ,EAAE,kBAAM,CAAC,OAAO,CAAC,QAAQ,EAAE;oBACnC,WAAW,EAAE,kBAAM,CAAC,MAAM,CAAC,EAAE,IAAI,EAAE,IAAI,EAAE,EAAE;wBACvC,iBAAK,CAAC,MAAM,CAAC,EAAE,KAAK,EAAE,OAAO,EAAE,MAAM,EAAE,cAAc,EAAE,CAAC;wBACxD,iBAAK,CAAC,MAAM,EAAE;qBACjB,CAAC;oBACF,QAAQ,EAAE,kBAAM,CAAC,MAAM,CAAC,EAAE,IAAI,EAAE,IAAI,EAAE,CAAC;iBAC1C,CAAC;gBACF,QAAQ,EAAR,gBAAQ;aACX,CAAC,CAAC;YACH,MAAM,IAAI,GAAG,IAAI,cAAI,EAAE,CAAC;YACxB,IAAI,CAAC,WAAW,GAAG,WAAW,CAAC;YAC/B,IAAI,CAAC,QAAQ,GAAG,QAAQ,CAAC;YAEzB,IAAI,QAAQ,EAAE;gBACV,MAAM,MAAM,GAAG,IAAI,gBAAM,EAAE,CAAC;gBAC5B,IAAI,CAAC,IAAI,GAAG,QAAQ,CAAC;gBACrB,MAAM,IAAI,CAAC,OAAO,CAAC,QAAQ,CAAC,CAAC,IAAI,CAAC,MAAM,CAAC,CAAA;aAC5C;iBAAM;gBACH,MAAM,KAAK,GAAG,IAAI,eAAK,EAAE,CAAC;gBAC1B,IAAI,CAAC,IAAI,GAAG,OAAO,CAAC;gBACpB,MAAM,IAAI,CAAC,OAAO,CAAC,OAAO,CAAC,CAAC,IAAI,CAAC,KAAK,CAAC,CAAC;aAC3C;YACD,MAAM,KAAK,GAAG,MAAM,IAAI,CAAC,KAAK,CAAC,IAAI,CAAC,CAAC;YACrC,MAAM,IAAI,CAAC,OAAO,CAAC,QAAQ,CAAC,CAAC;YAC7B,MAAM,IAAI,CAAC,OAAO,CAAC,OAAO,CAAC,CAAC;YAC5B,MAAM,OAAO,GAAG,KAAK,CAAC,MAAM,EAAE,CAAC;YAC/B,OAAO,CAAC,GAAG,CAAC,IAAI,EAAE,IAAI,CAAC,MAAM,CAAC,EAAE,CAAC,CAAA;YACjC,MAAM,OAAO,GAAG,OAAA,KAAK,CAAC,IAAI,CAAC,MAAM,0CAAE,EAAE,YAAI,KAAK,CAAC,IAAI,CAAC,KAAK,0CAAE,EAAE,CAAA,IAAI,KAAK,CAAC,IAAI,CAAC,EAAE,CAAC;YAC/E,MAAM,SAAS,GAAG,OAAO,CAAC,KAAK,CAAC;YAChC,MAAM,EAAE,YAAY,EAAE,IAAI,EAAE,UAAU,EAAE,GAAG,KAAK,CAAC,IAAI,CAAC,MAAM,EAAE,CAAC;YAE/D,OAAO;gBACH,OAAO;gBACP,KAAK,EAAE,SAAS;gBAChB,YAAY;gBACZ,IAAI;gBACJ,UAAU;aACb,CAAC;SACL;QAAC,OAAO,CAAC,EAAE;YACR,MAAM,CAAC,CAAC;SACX;IACL,CAAC;IACM,KAAK,CAAC,MAAM,CAAC,EAAE,IAAI,EAAuB;QAC7C,OAAO,IAAI,CAAC,MAAM,EAAE,CAAC;IACzB,CAAC;CACJ;AAlFD,iCAkFC","sourcesContent":["import { HttpContextContract } from '@ioc:Adonis/Core/HttpContext'\r\nimport { schema, rules } from \"@ioc:Adonis/Core/Validator\";\r\nimport { messages } from \"App/Utils\";\r\nimport User from 'App/Models/User';\r\nimport Driver from 'App/Models/Driver';\r\nimport Rider from 'App/Models/Rider';\r\n\r\n\r\nexport default class AuthController {\r\n\r\n    public async login({ request, auth }: HttpContextContract) {\r\n        try {\r\n            const { password, email, phoneNumber } = await request.validate({\r\n                schema: schema.create({\r\n                    password: schema.string({ trim: true }),\r\n                    email: schema.string.optional({ trim: true }),\r\n                    phoneNumber: schema.string.optional({ trim: true }),\r\n                }),\r\n                messages\r\n            });\r\n            const uids = email || phoneNumber as string;\r\n            const token = await auth.use(\"api\").attempt(uids, password);\r\n            const payload = token.toJSON();\r\n            await token.user.preload('driver');\r\n            await token.user.preload('rider');\r\n            const user_id = token.user.driver?.id || token.user.rider?.id || token.user.id;\r\n            const userToken = payload.token;\r\n            const { email: userEmail, phone_number, role, created_at } = token.user.toJSON();\r\n\r\n            return {\r\n                user_id,\r\n                token: userToken,\r\n                email: userEmail,\r\n                phone_number,\r\n                role,\r\n                created_at\r\n            };\r\n        } catch (error) {\r\n            throw error\r\n        }\r\n    }\r\n    public async register({ request, auth }: HttpContextContract) {\r\n        try {\r\n            const { isDriver, phoneNumber, password } = await request.validate({\r\n                schema: schema.create({\r\n                    isDriver: schema.boolean.optional(),\r\n                    phoneNumber: schema.string({ trim: true }, [\r\n                        rules.unique({ table: 'users', column: \"phone_number\" }),\r\n                        rules.mobile()\r\n                    ]),\r\n                    password: schema.string({ trim: true }),\r\n                }),\r\n                messages\r\n            });\r\n            const user = new User();\r\n            user.phoneNumber = phoneNumber;\r\n            user.password = password;\r\n\r\n            if (isDriver) {\r\n                const driver = new Driver();\r\n                user.role = 'driver';\r\n                await user.related('driver').save(driver)\r\n            } else {\r\n                const rider = new Rider();\r\n                user.role = 'rider';\r\n                await user.related('rider').save(rider);\r\n            }\r\n            const token = await auth.login(user);\r\n            await user.preload('driver');\r\n            await user.preload('rider');\r\n            const payload = token.toJSON();\r\n            console.log('id', user.driver.id)\r\n            const user_id = token.user.driver?.id || token.user.rider?.id || token.user.id;\r\n            const userToken = payload.token;\r\n            const { phone_number, role, created_at } = token.user.toJSON();\r\n\r\n            return {\r\n                user_id,\r\n                token: userToken,\r\n                phone_number,\r\n                role,\r\n                created_at\r\n            };\r\n        } catch (e) {\r\n            throw e;\r\n        }\r\n    }\r\n    public async logout({ auth }: HttpContextContract) {\r\n        return auth.logout();\r\n    }\r\n}\r\n"]},"_coverageSchema":"1a1c01bbd47fc00a2c39e90264f33305004495a9","hash":"ac72434dd37998beafd27465f8b45d4a2e52594f","contentHash":"928ab605a6790c2d34aec08f855dd57a983974816251b59dc384c16a771cb20a"},"C:\\Users\\usr\\Documents\\projects\\saferide\\backend\\app\\Middleware\\Auth.ts":{"path":"C:\\Users\\usr\\Documents\\projects\\saferide\\backend\\app\\Middleware\\Auth.ts","statementMap":{"0":{"start":{"line":2,"column":0},"end":{"line":2,"column":62}},"1":{"start":{"line":3,"column":21},"end":{"line":3,"column":63}},"2":{"start":{"line":6,"column":8},"end":{"line":6,"column":35}},"3":{"start":{"line":10,"column":8},"end":{"line":16,"column":9}},"4":{"start":{"line":11,"column":12},"end":{"line":11,"column":39}},"5":{"start":{"line":12,"column":12},"end":{"line":15,"column":13}},"6":{"start":{"line":13,"column":16},"end":{"line":13,"column":42}},"7":{"start":{"line":14,"column":16},"end":{"line":14,"column":28}},"8":{"start":{"line":17,"column":8},"end":{"line":17,"column":140}},"9":{"start":{"line":20,"column":23},"end":{"line":20,"column":71}},"10":{"start":{"line":21,"column":8},"end":{"line":21,"column":46}},"11":{"start":{"line":22,"column":8},"end":{"line":22,"column":21}},"12":{"start":{"line":25,"column":0},"end":{"line":25,"column":33}}},"fnMap":{"0":{"name":"(anonymous_0)","decl":{"start":{"line":5,"column":4},"end":{"line":5,"column":5}},"loc":{"start":{"line":5,"column":18},"end":{"line":7,"column":5}},"line":5},"1":{"name":"(anonymous_1)","decl":{"start":{"line":8,"column":4},"end":{"line":8,"column":5}},"loc":{"start":{"line":8,"column":37},"end":{"line":18,"column":5}},"line":8},"2":{"name":"(anonymous_2)","decl":{"start":{"line":19,"column":4},"end":{"line":19,"column":5}},"loc":{"start":{"line":19,"column":47},"end":{"line":23,"column":5}},"line":19}},"branchMap":{"0":{"loc":{"start":{"line":12,"column":12},"end":{"line":15,"column":13}},"type":"if","locations":[{"start":{"line":12,"column":12},"end":{"line":15,"column":13}},{"start":{"line":12,"column":12},"end":{"line":15,"column":13}}],"line":12},"1":{"loc":{"start":{"line":20,"column":23},"end":{"line":20,"column":71}},"type":"cond-expr","locations":[{"start":{"line":20,"column":45},"end":{"line":20,"column":57}},{"start":{"line":20,"column":60},"end":{"line":20,"column":71}}],"line":20}},"s":{"0":1,"1":1,"2":1,"3":1,"4":1,"5":1,"6":1,"7":1,"8":0,"9":1,"10":1,"11":1,"12":1},"f":{"0":1,"1":1,"2":1},"b":{"0":[1,0],"1":[0,1]},"inputSourceMap":{"version":3,"file":"Auth.js","sourceRoot":"","sources":["Auth.ts"],"names":[],"mappings":";;AACA,gEAAyE;AASzE,MAAqB,cAAc;IAAnC;QAIY,eAAU,GAAG,QAAQ,CAAA;IAwDjC,CAAC;IA9CW,KAAK,CAAC,YAAY,CAAE,IAAiC,EAAE,MAAa;QAO5E,IAAI,kBAAsC,CAAA;QAE1C,KAAK,IAAI,KAAK,IAAI,MAAM,EAAE;YACxB,kBAAkB,GAAG,KAAK,CAAA;YAE1B,IAAI,MAAM,IAAI,CAAC,GAAG,CAAC,KAAK,CAAC,CAAC,KAAK,EAAE,EAAE;gBAMjC,IAAI,CAAC,YAAY,GAAG,KAAK,CAAA;gBACzB,OAAO,IAAI,CAAA;aACZ;SACF;QAKD,MAAM,IAAI,oCAAuB,CAC/B,qBAAqB,EACrB,uBAAuB,EACvB,kBAAkB,EAClB,IAAI,CAAC,UAAU,CAChB,CAAA;IACH,CAAC;IAKM,KAAK,CAAC,MAAM,CAAE,EAAE,IAAI,EAAuB,EAAE,IAAyB,EAAE,YAAsB;QAKnG,MAAM,MAAM,GAAG,YAAY,CAAC,MAAM,CAAC,CAAC,CAAC,YAAY,CAAC,CAAC,CAAC,CAAC,IAAI,CAAC,IAAI,CAAC,CAAA;QAC/D,MAAM,IAAI,CAAC,YAAY,CAAC,IAAI,EAAE,MAAM,CAAC,CAAA;QACrC,MAAM,IAAI,EAAE,CAAA;IACd,CAAC;CACF;AA5DD,iCA4DC","sourcesContent":["import { HttpContextContract } from '@ioc:Adonis/Core/HttpContext'\nimport { AuthenticationException } from '@adonisjs/auth/build/standalone'\n\n/**\n * Auth middleware is meant to restrict un-authenticated access to a given route\n * or a group of routes.\n *\n * You must register this middleware inside `start/kernel.ts` file under the list\n * of named middleware.\n */\nexport default class AuthMiddleware {\n  /**\n  * The URL to redirect to when request is Unauthorized\n  */\n  protected redirectTo = '/login'\n\n  /**\n   * Authenticates the current HTTP request against a custom set of defined\n   * guards.\n   *\n   * The authentication loop stops as soon as the user is authenticated using any\n   * of the mentioned guards and that guard will be used by the rest of the code\n   * during the current request.\n   */\n  protected async authenticate (auth: HttpContextContract['auth'], guards: any[]) {\n    /**\n     * Hold reference to the guard last attempted within the for loop. We pass\n     * the reference of the guard to the \"AuthenticationException\", so that\n     * it can decide the correct response behavior based upon the guard\n     * driver\n     */\n    let guardLastAttempted: string | undefined\n\n    for (let guard of guards) {\n      guardLastAttempted = guard\n\n      if (await auth.use(guard).check()) {\n        /**\n         * Instruct auth to use the given guard as the default guard for\n         * the rest of the request, since the user authenticated\n         * succeeded here\n         */\n        auth.defaultGuard = guard\n        return true\n      }\n    }\n\n    /**\n     * Unable to authenticate using any guard\n     */\n    throw new AuthenticationException(\n      'Unauthorized access',\n      'E_UNAUTHORIZED_ACCESS',\n      guardLastAttempted,\n      this.redirectTo,\n    )\n  }\n\n  /**\n   * Handle request\n   */\n  public async handle ({ auth }: HttpContextContract, next: () => Promise<void>, customGuards: string[]) {\n    /**\n     * Uses the user defined guards or the default guard mentioned in\n     * the config file\n     */\n    const guards = customGuards.length ? customGuards : [auth.name]\n    await this.authenticate(auth, guards)\n    await next()\n  }\n}\n"]},"_coverageSchema":"1a1c01bbd47fc00a2c39e90264f33305004495a9","hash":"571cfecf102cdb2b264cd4c1d11081b225d08514","contentHash":"65ac44d717356fc0cd8ec988fc16c67e742f8008f2c9a19be78e7ec323fcdc23"},"C:\\Users\\usr\\Documents\\projects\\saferide\\backend\\app\\Controllers\\Http\\TransactionsController.ts":{"path":"C:\\Users\\usr\\Documents\\projects\\saferide\\backend\\app\\Controllers\\Http\\TransactionsController.ts","statementMap":{"0":{"start":{"line":2,"column":22},"end":{"line":4,"column":1}},"1":{"start":{"line":3,"column":4},"end":{"line":3,"column":62}},"2":{"start":{"line":5,"column":0},"end":{"line":5,"column":62}},"3":{"start":{"line":6,"column":22},"end":{"line":6,"column":94}},"4":{"start":{"line":7,"column":26},"end":{"line":7,"column":104}},"5":{"start":{"line":8,"column":29},"end":{"line":8,"column":110}},"6":{"start":{"line":9,"column":31},"end":{"line":9,"column":125}},"7":{"start":{"line":10,"column":17},"end":{"line":10,"column":34}},"8":{"start":{"line":13,"column":34},"end":{"line":13,"column":37}},"9":{"start":{"line":14,"column":27},"end":{"line":14,"column":102}},"10":{"start":{"line":15,"column":21},"end":{"line":15,"column":30}},"11":{"start":{"line":16,"column":8},"end":{"line":16,"column":36}},"12":{"start":{"line":17,"column":22},"end":{"line":17,"column":80}},"13":{"start":{"line":18,"column":63},"end":{"line":18,"column":165}},"14":{"start":{"line":19,"column":28},"end":{"line":19,"column":55}},"15":{"start":{"line":20,"column":8},"end":{"line":20,"column":45}},"16":{"start":{"line":21,"column":8},"end":{"line":21,"column":39}},"17":{"start":{"line":22,"column":8},"end":{"line":22,"column":40}},"18":{"start":{"line":23,"column":8},"end":{"line":23,"column":47}},"19":{"start":{"line":24,"column":8},"end":{"line":24,"column":98}},"20":{"start":{"line":25,"column":8},"end":{"line":25,"column":50}},"21":{"start":{"line":28,"column":0},"end":{"line":28,"column":41}}},"fnMap":{"0":{"name":"(anonymous_0)","decl":{"start":{"line":2,"column":56},"end":{"line":2,"column":57}},"loc":{"start":{"line":2,"column":71},"end":{"line":4,"column":1}},"line":2},"1":{"name":"(anonymous_1)","decl":{"start":{"line":12,"column":4},"end":{"line":12,"column":5}},"loc":{"start":{"line":12,"column":26},"end":{"line":26,"column":5}},"line":12}},"branchMap":{"0":{"loc":{"start":{"line":2,"column":22},"end":{"line":4,"column":1}},"type":"binary-expr","locations":[{"start":{"line":2,"column":23},"end":{"line":2,"column":27}},{"start":{"line":2,"column":31},"end":{"line":2,"column":51}},{"start":{"line":2,"column":56},"end":{"line":4,"column":1}}],"line":2},"1":{"loc":{"start":{"line":3,"column":11},"end":{"line":3,"column":61}},"type":"cond-expr","locations":[{"start":{"line":3,"column":37},"end":{"line":3,"column":40}},{"start":{"line":3,"column":43},"end":{"line":3,"column":61}}],"line":3},"2":{"loc":{"start":{"line":3,"column":12},"end":{"line":3,"column":33}},"type":"binary-expr","locations":[{"start":{"line":3,"column":12},"end":{"line":3,"column":15}},{"start":{"line":3,"column":19},"end":{"line":3,"column":33}}],"line":3},"3":{"loc":{"start":{"line":17,"column":22},"end":{"line":17,"column":80}},"type":"cond-expr","locations":[{"start":{"line":17,"column":35},"end":{"line":17,"column":45}},{"start":{"line":17,"column":48},"end":{"line":17,"column":80}}],"line":17}},"s":{"0":1,"1":4,"2":1,"3":1,"4":1,"5":1,"6":1,"7":1,"8":1,"9":1,"10":1,"11":1,"12":1,"13":1,"14":1,"15":1,"16":1,"17":1,"18":1,"19":1,"20":1,"21":1},"f":{"0":4,"1":1},"b":{"0":[1,1,1],"1":[4,0],"2":[4,4],"3":[1,0]},"inputSourceMap":{"version":3,"file":"TransactionsController.js","sourceRoot":"","sources":["TransactionsController.ts"],"names":[],"mappings":";;;;;AACA,+FAAiD;AACjD,yGAA2D;AAC3D,+GAAiE;AACjE,8HAAgF;AAChF,mCAAgC;AAEhC,MAAqB,sBAAsB;IAEhC,KAAK,CAAC,UAAU,CAAC,GAAwB;QAC5C,MAAM,EAAE,OAAO,EAAE,IAAI,EAAE,GAAG,GAAG,CAAC;QAC9B,MAAM,EAAE,MAAM,EAAE,GAAG,MAAM,8BAAoB,CAAC,UAAU,CAAC,OAAO,CAAC,KAAK,CAAC,QAAQ,EAAE,CAAC,CAAC,CAAC,CAAC;QACrF,MAAM,IAAI,GAAG,IAAI,CAAC,IAAI,CAAC;QACvB,MAAM,IAAK,CAAC,OAAO,CAAC,OAAO,CAAC,CAAA;QAC5B,MAAM,KAAK,GAAG,IAAK,CAAC,KAAK,CAAC,CAAC,CAAC,IAAK,CAAC,KAAK,CAAC,CAAC,CAAC,eAAM,EAAE,GAAG,YAAY,CAAC;QAClE,MAAM,EAAE,IAAI,EAAE,EAAE,IAAI,EAAE,EAAE,WAAW,EAAE,SAAS,EAAE,EAAE,EAAE,GAAG,MAAM,yBAAe,CAAC,qBAAqB,CAAC,EAAE,MAAM,EAAE,KAAK,EAAE,SAAS,EAAE,eAAM,EAAE,EAAE,CAAC,CAAC;QAC3I,MAAM,WAAW,GAAG,IAAI,qBAAW,EAAE,CAAC;QACtC,WAAW,CAAC,eAAe,GAAG,MAAM,CAAC;QACrC,WAAW,CAAC,cAAc,GAAG,CAAC,CAAC;QAC/B,WAAW,CAAC,eAAe,GAAG,CAAC,CAAC;QAChC,WAAW,CAAC,cAAc,GAAG,SAAS,CAAC;QACvC,MAAM,4BAAkB,CAAC,eAAe,CAAC,WAAW,EAAE,IAAK,CAAC,IAAI,EAAE,IAAK,CAAC,KAAK,CAAC,EAAE,CAAC,CAAC;QAClF,OAAO,EAAE,WAAW,EAAE,SAAS,EAAE,MAAM,EAAE,CAAA;IAC7C,CAAC;CACJ;AAjBD,yCAiBC","sourcesContent":["import { HttpContextContract } from '@ioc:Adonis/Core/HttpContext'\r\nimport Transaction from 'App/Models/Transaction';\r\nimport PaystackService from 'App/Services/PaystackService';\r\nimport TransactionService from 'App/Services/TransactionService';\r\nimport TransactionValidator from 'App/Services/validators/TransactionValidator';\r\nimport { nanoid } from \"nanoid\";\r\n\r\nexport default class TransactionsController {\r\n\r\n    public async initialize(ctx: HttpContextContract) {\r\n        const { request, auth } = ctx;\r\n        const { amount } = await TransactionValidator.initialize(request.input('amount', 0));\r\n        const user = auth.user;\r\n        await user!.preload('rider')\r\n        const email = user!.email ? user!.email : nanoid() + '@gmail.com';\r\n        const { data: { data: { access_code, reference } } } = await PaystackService.initializeTransaction({ amount, email, reference: nanoid() });\r\n        const transaction = new Transaction();\r\n        transaction.amountDeposited = amount;\r\n        transaction.amountRemitted = 0;\r\n        transaction.amountWithdrawn = 0;\r\n        transaction.transactionRef = reference;\r\n        await TransactionService.saveTransaction(transaction, user!.role, user!.rider.id);\r\n        return { access_code, reference, amount }\r\n    }\r\n}\r\n"]},"_coverageSchema":"1a1c01bbd47fc00a2c39e90264f33305004495a9","hash":"43a40e2d760700a70f36f17c977a0fca541dcd67","contentHash":"3cd2446450a4698b27035e00a4b3632661579b7e4a551f536d5c475e0056a407"}}